Using pre-set license
Built from '2020.3/staging' branch; Version is '2020.3.25f1 (9b9180224418) revision 10195328'; Using compiler version '192528614'; Build Type 'Release'
OS: 'Windows 10  (10.0.18363) 64bit Professional' Language: 'zh' Physical Memory: 16319 MB
BatchMode: 1, IsHumanControllingUs: 0, StartBugReporterOnCrash: 0, Is64bit: 1, IsPro: 0

COMMAND LINE ARGUMENTS:
C:\Program Files\Unity\Hub\Editor\2020.3.25f1\Editor\Unity.exe
-adb2
-batchMode
-noUpm
-name
AssetImportWorker0
-projectPath
C:/Walter/Unity_HC_TS_2DRunning_20211218/2DRunning_20211218
-logFile
Logs/AssetImportWorker0.log
-srvPort
63578
Successfully changed project path to: C:/Walter/Unity_HC_TS_2DRunning_20211218/2DRunning_20211218
C:/Walter/Unity_HC_TS_2DRunning_20211218/2DRunning_20211218
Using Asset Import Pipeline V2.
Refreshing native plugins compatible for Editor in 45.55 ms, found 3 plugins.
Preloading 0 native plugins for Editor in 0.00 ms.
Initialize engine version: 2020.3.25f1 (9b9180224418)
[Subsystems] Discovering subsystems at path C:/Program Files/Unity/Hub/Editor/2020.3.25f1/Editor/Data/Resources/UnitySubsystems
[Subsystems] Discovering subsystems at path C:/Walter/Unity_HC_TS_2DRunning_20211218/2DRunning_20211218/Assets
GfxDevice: creating device client; threaded=0
Direct3D:
    Version:  Direct3D 11.0 [level 11.1]
    Renderer: NVIDIA Quadro P620 (ID=0x1cb6)
    Vendor:   
    VRAM:     1977 MB
    Driver:   30.0.14.7247
Initialize mono
Mono path[0] = 'C:/Program Files/Unity/Hub/Editor/2020.3.25f1/Editor/Data/Managed'
Mono path[1] = 'C:/Program Files/Unity/Hub/Editor/2020.3.25f1/Editor/Data/MonoBleedingEdge/lib/mono/unityjit'
Mono config path = 'C:/Program Files/Unity/Hub/Editor/2020.3.25f1/Editor/Data/MonoBleedingEdge/etc'
Using monoOptions --debugger-agent=transport=dt_socket,embedding=1,server=y,suspend=n,address=127.0.0.1:56008
Begin MonoManager ReloadAssembly
Registering precompiled unity dll's ...
Register platform support module: C:/Program Files/Unity/Hub/Editor/2020.3.25f1/Editor/Data/PlaybackEngines/WindowsStandaloneSupport/UnityEditor.WindowsStandalone.Extensions.dll
Registered in 0.001379 seconds.
Native extension for WindowsStandalone target not found
Refreshing native plugins compatible for Editor in 40.80 ms, found 3 plugins.
Preloading 0 native plugins for Editor in 0.00 ms.
Unable to find bridge dll in registry for Microsoft Visual Studio Tools for Unity for C:\Program Files (x86)\Microsoft Visual Studio\2019\Community\Common7\IDE\devenv.exe
Mono: successfully reloaded assembly
- Completed reload, in  0.551 seconds
Domain Reload Profiling:
	ReloadAssembly (551ms)
		BeginReloadAssembly (51ms)
			ExecutionOrderSort (0ms)
			DisableScriptedObjects (0ms)
			BackupInstance (0ms)
			ReleaseScriptingObjects (0ms)
			CreateAndSetChildDomain (1ms)
		EndReloadAssembly (430ms)
			LoadAssemblies (49ms)
			RebuildTransferFunctionScriptingTraits (0ms)
			SetupTypeCache (145ms)
			ReleaseScriptCaches (0ms)
			RebuildScriptCaches (30ms)
			SetupLoadedEditorAssemblies (159ms)
				LogAssemblyErrors (0ms)
				InitializePlatformSupportModulesInManaged (4ms)
				SetLoadedEditorAssemblies (0ms)
				RefreshPlugins (41ms)
				BeforeProcessingInitializeOnLoad (14ms)
				ProcessInitializeOnLoadAttributes (74ms)
				ProcessInitializeOnLoadMethodAttributes (26ms)
				AfterProcessingInitializeOnLoad (0ms)
				EditorAssembliesLoaded (0ms)
			ExecutionOrderSort2 (0ms)
			AwakeInstancesAfterBackupRestoration (0ms)
Platform modules already initialized, skipping
Registering precompiled user dll's ...
Registered in 0.004540 seconds.
Begin MonoManager ReloadAssembly
Native extension for WindowsStandalone target not found
Refreshing native plugins compatible for Editor in 40.64 ms, found 3 plugins.
Preloading 0 native plugins for Editor in 0.00 ms.
Mono: successfully reloaded assembly
- Completed reload, in  1.065 seconds
Domain Reload Profiling:
	ReloadAssembly (1065ms)
		BeginReloadAssembly (143ms)
			ExecutionOrderSort (0ms)
			DisableScriptedObjects (5ms)
			BackupInstance (0ms)
			ReleaseScriptingObjects (0ms)
			CreateAndSetChildDomain (23ms)
		EndReloadAssembly (862ms)
			LoadAssemblies (86ms)
			RebuildTransferFunctionScriptingTraits (0ms)
			SetupTypeCache (284ms)
			ReleaseScriptCaches (0ms)
			RebuildScriptCaches (44ms)
			SetupLoadedEditorAssemblies (328ms)
				LogAssemblyErrors (0ms)
				InitializePlatformSupportModulesInManaged (3ms)
				SetLoadedEditorAssemblies (0ms)
				RefreshPlugins (41ms)
				BeforeProcessingInitializeOnLoad (87ms)
				ProcessInitializeOnLoadAttributes (178ms)
				ProcessInitializeOnLoadMethodAttributes (15ms)
				AfterProcessingInitializeOnLoad (5ms)
				EditorAssembliesLoaded (0ms)
			ExecutionOrderSort2 (0ms)
			AwakeInstancesAfterBackupRestoration (6ms)
Platform modules already initialized, skipping
========================================================================
Worker process is ready to serve import requests
Launched and connected shader compiler UnityShaderCompiler.exe after 0.05 seconds
Refreshing native plugins compatible for Editor in 0.51 ms, found 3 plugins.
Preloading 0 native plugins for Editor in 0.00 ms.
Unloading 2194 Unused Serialized files (Serialized files now loaded: 0)
System memory in use before: 95.8 MB.
System memory in use after: 95.9 MB.

Unloading 28 unused Assets to reduce memory usage. Loaded Objects now: 2627.
Total: 3.322200 ms (FindLiveObjects: 0.247900 ms CreateObjectMapping: 0.086200 ms MarkObjects: 2.889500 ms  DeleteObjects: 0.097600 ms)

AssetImportParameters requested are different than current active one (requested -> active):
  custom:framework-win-MediaFoundation: 216162199b28c13a410421893ffa2e32 -> 
  custom:video-decoder-ogg-theora: a1e56fd34408186e4bbccfd4996cb3dc -> 
  custom:container-muxer-webm: aa71ff27fc2769a1b78a27578f13a17b -> 
  custom:container-demuxer-webm: 4f35f7cbe854078d1ac9338744f61a02 -> 
  custom:container-demuxer-ogg: 62fdf1f143b41e24485cea50d1cbac27 -> 
  custom:video-encoder-webm-vp8: eb34c28f22e8b96e1ab97ce403110664 -> 
  custom:video-decoder-webm-vp8: 9c59270c3fd7afecdb556c50c9e8de78 -> 
  custom:audio-decoder-ogg-vorbis: bf7c407c2cedff20999df2af8eb42d56 -> 
  custom:audio-encoder-webm-vorbis: bf7c407c2cedff20999df2af8eb42d56 -> 
========================================================================
Received Import Request.
  path: Assets/02_KID_LOGO.png
  artifactKey: Guid(038ee6eaa45e6d544abea1a3d15299b4) Importer(815301076,1909f56bfc062723c751e8b465ee728b)
Start importing Assets/02_KID_LOGO.png using Guid(038ee6eaa45e6d544abea1a3d15299b4) Importer(815301076,1909f56bfc062723c751e8b465ee728b)  -> (artifact id: 'ce7290d160b10be94f8a2750abe28210') in 0.211946 seconds 
  Import took 0.216194 seconds .

========================================================================
Received Import Request.
  Time since last request: 533.997404 seconds.
  path: Assets/KID_LOGO.png
  artifactKey: Guid(038ee6eaa45e6d544abea1a3d15299b4) Importer(815301076,1909f56bfc062723c751e8b465ee728b)
Start importing Assets/KID_LOGO.png using Guid(038ee6eaa45e6d544abea1a3d15299b4) Importer(815301076,1909f56bfc062723c751e8b465ee728b)  -> (artifact id: 'c13b908513a8314cc819f4d6fa23ce3b') in 0.036862 seconds 
  Import took 0.041838 seconds .

========================================================================
Received Import Request.
  Time since last request: 7.872203 seconds.
  path: Assets/KID LOGO.png
  artifactKey: Guid(038ee6eaa45e6d544abea1a3d15299b4) Importer(815301076,1909f56bfc062723c751e8b465ee728b)
Start importing Assets/KID LOGO.png using Guid(038ee6eaa45e6d544abea1a3d15299b4) Importer(815301076,1909f56bfc062723c751e8b465ee728b)  -> (artifact id: 'e9da595e9005025b06e85f6034078cd5') in 0.015818 seconds 
  Import took 0.020205 seconds .

========================================================================
Received Import Request.
  Time since last request: 1115.742841 seconds.
  path: Assets/png/BG/BG.png
  artifactKey: Guid(93f0561412810a548ac615865ffed993) Importer(815301076,1909f56bfc062723c751e8b465ee728b)
Start importing Assets/png/BG/BG.png using Guid(93f0561412810a548ac615865ffed993) Importer(815301076,1909f56bfc062723c751e8b465ee728b)  -> (artifact id: '25df3362f4fadc93c598ef619258ce99') in 0.054463 seconds 
  Import took 0.063492 seconds .

========================================================================
Received Import Request.
  Time since last request: 3.457836 seconds.
  path: Assets/png/Object/Crate.png
  artifactKey: Guid(83fb2a8a494f5f94eb3df6e51cde5458) Importer(815301076,1909f56bfc062723c751e8b465ee728b)
Start importing Assets/png/Object/Crate.png using Guid(83fb2a8a494f5f94eb3df6e51cde5458) Importer(815301076,1909f56bfc062723c751e8b465ee728b)  -> (artifact id: '11b2c004bbd8a0df4f6678e81f368d6f') in 0.014742 seconds 
  Import took 0.018709 seconds .

========================================================================
Received Import Request.
  Time since last request: 0.000291 seconds.
  path: Assets/png/Object/SnowMan.png
  artifactKey: Guid(cb25f863ef77d9545beb4d202dbb411e) Importer(815301076,1909f56bfc062723c751e8b465ee728b)
Start importing Assets/png/Object/SnowMan.png using Guid(cb25f863ef77d9545beb4d202dbb411e) Importer(815301076,1909f56bfc062723c751e8b465ee728b)  -> (artifact id: '03e2971edb9e55072a650b5635e04874') in 0.015487 seconds 
  Import took 0.019237 seconds .

========================================================================
Received Import Request.
  Time since last request: 0.000380 seconds.
  path: Assets/png/Object/IceBox.png
  artifactKey: Guid(0b1aa87f20368184aaffd1f81f14ce94) Importer(815301076,1909f56bfc062723c751e8b465ee728b)
Start importing Assets/png/Object/IceBox.png using Guid(0b1aa87f20368184aaffd1f81f14ce94) Importer(815301076,1909f56bfc062723c751e8b465ee728b)  -> (artifact id: 'f37c361312cc156c5ee9e6f738480727') in 0.013958 seconds 
  Import took 0.018222 seconds .

========================================================================
Received Import Request.
  Time since last request: 0.000284 seconds.
  path: Assets/png/Object/Sign_2.png
  artifactKey: Guid(5e0c8432ea26cb347bacaa4f9a824123) Importer(815301076,1909f56bfc062723c751e8b465ee728b)
Start importing Assets/png/Object/Sign_2.png using Guid(5e0c8432ea26cb347bacaa4f9a824123) Importer(815301076,1909f56bfc062723c751e8b465ee728b)  -> (artifact id: 'ae9de1de14060bfd41b29a0a4b0f8bf7') in 0.015493 seconds 
  Import took 0.019463 seconds .

========================================================================
Received Import Request.
  Time since last request: 0.000341 seconds.
  path: Assets/png/Object/Igloo.png
  artifactKey: Guid(b446701e590f8ee46a61e1bfbb7141bf) Importer(815301076,1909f56bfc062723c751e8b465ee728b)
Start importing Assets/png/Object/Igloo.png using Guid(b446701e590f8ee46a61e1bfbb7141bf) Importer(815301076,1909f56bfc062723c751e8b465ee728b)  -> (artifact id: 'd6c63d04866a6f0b164ee79b3098f172') in 0.014113 seconds 
  Import took 0.017912 seconds .

========================================================================
Received Import Request.
  Time since last request: 0.000276 seconds.
  path: Assets/png/Object/Crystal.png
  artifactKey: Guid(d8e222cf27b310f4cb7dcdeb489ee306) Importer(815301076,1909f56bfc062723c751e8b465ee728b)
Start importing Assets/png/Object/Crystal.png using Guid(d8e222cf27b310f4cb7dcdeb489ee306) Importer(815301076,1909f56bfc062723c751e8b465ee728b)  -> (artifact id: '1932980bc19124adbb1bd2ff11d34a5f') in 0.014449 seconds 
  Import took 0.018972 seconds .

========================================================================
Received Import Request.
  Time since last request: 0.000262 seconds.
  path: Assets/png/Object/Sign_1.png
  artifactKey: Guid(2166f2c827f4f7646b1824c6e321cfcd) Importer(815301076,1909f56bfc062723c751e8b465ee728b)
Start importing Assets/png/Object/Sign_1.png using Guid(2166f2c827f4f7646b1824c6e321cfcd) Importer(815301076,1909f56bfc062723c751e8b465ee728b)  -> (artifact id: 'b855b07b833ca164e530f7c9fca32438') in 0.015526 seconds 
  Import took 0.020063 seconds .

========================================================================
Received Import Request.
  Time since last request: 0.648854 seconds.
  path: Assets/png/Tiles/1.png
  artifactKey: Guid(2bf6c97e6feef784da14ebb72be6f9b9) Importer(815301076,1909f56bfc062723c751e8b465ee728b)
Start importing Assets/png/Tiles/1.png using Guid(2bf6c97e6feef784da14ebb72be6f9b9) Importer(815301076,1909f56bfc062723c751e8b465ee728b)  -> (artifact id: '51c765cba253fe163bf9f5fc623af6a6') in 0.012611 seconds 
  Import took 0.016227 seconds .

========================================================================
Received Import Request.
  Time since last request: 0.000380 seconds.
  path: Assets/png/Tiles/3.png
  artifactKey: Guid(87fa8bfbf6c7cf84583ce8db6009cbb2) Importer(815301076,1909f56bfc062723c751e8b465ee728b)
Start importing Assets/png/Tiles/3.png using Guid(87fa8bfbf6c7cf84583ce8db6009cbb2) Importer(815301076,1909f56bfc062723c751e8b465ee728b)  -> (artifact id: 'a5a5c0d7833f1073e71e43e776ba4891') in 0.014998 seconds 
  Import took 0.019203 seconds .

========================================================================
Received Import Request.
  Time since last request: 0.000414 seconds.
  path: Assets/png/Tiles/2.png
  artifactKey: Guid(2b020fe13ec58ab42a718134a218b036) Importer(815301076,1909f56bfc062723c751e8b465ee728b)
Start importing Assets/png/Tiles/2.png using Guid(2b020fe13ec58ab42a718134a218b036) Importer(815301076,1909f56bfc062723c751e8b465ee728b)  -> (artifact id: '3b006f5b6fb26639aa3336eb7f53cca2') in 0.015116 seconds 
  Import took 0.019808 seconds .

========================================================================
Received Import Request.
  Time since last request: 0.000386 seconds.
  path: Assets/png/Tiles/6.png
  artifactKey: Guid(b2ad1cd335fdba447bae06e30f48ad19) Importer(815301076,1909f56bfc062723c751e8b465ee728b)
Start importing Assets/png/Tiles/6.png using Guid(b2ad1cd335fdba447bae06e30f48ad19) Importer(815301076,1909f56bfc062723c751e8b465ee728b)  -> (artifact id: '8fed454f3a63d467c96cf5ff9c14d457') in 0.013151 seconds 
  Import took 0.018513 seconds .

========================================================================
Received Import Request.
  Time since last request: 0.000353 seconds.
  path: Assets/png/Tiles/7.png
  artifactKey: Guid(75da7b6078a2b5f4993b4cf28e9531fd) Importer(815301076,1909f56bfc062723c751e8b465ee728b)
Start importing Assets/png/Tiles/7.png using Guid(75da7b6078a2b5f4993b4cf28e9531fd) Importer(815301076,1909f56bfc062723c751e8b465ee728b)  -> (artifact id: 'ea4980c3ed5df608a62e393a6fd24046') in 0.014098 seconds 
  Import took 0.018457 seconds .

========================================================================
Received Import Request.
  Time since last request: 0.000279 seconds.
  path: Assets/png/Tiles/5.png
  artifactKey: Guid(ec1dc95230e5a1b47896c6e3838bd99d) Importer(815301076,1909f56bfc062723c751e8b465ee728b)
Start importing Assets/png/Tiles/5.png using Guid(ec1dc95230e5a1b47896c6e3838bd99d) Importer(815301076,1909f56bfc062723c751e8b465ee728b)  -> (artifact id: 'fcb39564cf36339a40b3a93593eb8fc4') in 0.012416 seconds 
  Import took 0.016929 seconds .

========================================================================
Received Import Request.
  Time since last request: 0.000244 seconds.
  path: Assets/png/Tiles/4.png
  artifactKey: Guid(7bddda55953708149ab61e47c21458a9) Importer(815301076,1909f56bfc062723c751e8b465ee728b)
Start importing Assets/png/Tiles/4.png using Guid(7bddda55953708149ab61e47c21458a9) Importer(815301076,1909f56bfc062723c751e8b465ee728b)  -> (artifact id: 'e3e8e77b56ffbcafed7c3d3aafff512e') in 0.012882 seconds 
  Import took 0.017105 seconds .

========================================================================
Received Prepare
Registering precompiled user dll's ...
Registered in 0.004511 seconds.
Begin MonoManager ReloadAssembly
Native extension for WindowsStandalone target not found
Refreshing native plugins compatible for Editor in 0.49 ms, found 3 plugins.
Preloading 0 native plugins for Editor in 0.00 ms.
Mono: successfully reloaded assembly
- Completed reload, in  1.132 seconds
Domain Reload Profiling:
	ReloadAssembly (1133ms)
		BeginReloadAssembly (131ms)
			ExecutionOrderSort (0ms)
			DisableScriptedObjects (8ms)
			BackupInstance (0ms)
			ReleaseScriptingObjects (0ms)
			CreateAndSetChildDomain (46ms)
		EndReloadAssembly (920ms)
			LoadAssemblies (110ms)
			RebuildTransferFunctionScriptingTraits (0ms)
			SetupTypeCache (345ms)
			ReleaseScriptCaches (1ms)
			RebuildScriptCaches (45ms)
			SetupLoadedEditorAssemblies (317ms)
				LogAssemblyErrors (0ms)
				InitializePlatformSupportModulesInManaged (5ms)
				SetLoadedEditorAssemblies (0ms)
				RefreshPlugins (1ms)
				BeforeProcessingInitializeOnLoad (88ms)
				ProcessInitializeOnLoadAttributes (206ms)
				ProcessInitializeOnLoadMethodAttributes (11ms)
				AfterProcessingInitializeOnLoad (5ms)
				EditorAssembliesLoaded (0ms)
			ExecutionOrderSort2 (0ms)
			AwakeInstancesAfterBackupRestoration (9ms)
Platform modules already initialized, skipping
Refreshing native plugins compatible for Editor in 0.49 ms, found 3 plugins.
Preloading 0 native plugins for Editor in 0.00 ms.
Unloading 2184 Unused Serialized files (Serialized files now loaded: 0)
System memory in use before: 98.1 MB.
System memory in use after: 98.2 MB.

Unloading 17 unused Assets to reduce memory usage. Loaded Objects now: 2650.
Total: 2.976100 ms (FindLiveObjects: 0.161800 ms CreateObjectMapping: 0.077400 ms MarkObjects: 2.718600 ms  DeleteObjects: 0.017600 ms)

AssetImportParameters requested are different than current active one (requested -> active):
  custom:framework-win-MediaFoundation: 216162199b28c13a410421893ffa2e32 -> 
  custom:video-decoder-ogg-theora: a1e56fd34408186e4bbccfd4996cb3dc -> 
  custom:container-muxer-webm: aa71ff27fc2769a1b78a27578f13a17b -> 
  custom:container-demuxer-webm: 4f35f7cbe854078d1ac9338744f61a02 -> 
  custom:container-demuxer-ogg: 62fdf1f143b41e24485cea50d1cbac27 -> 
  custom:video-encoder-webm-vp8: eb34c28f22e8b96e1ab97ce403110664 -> 
  custom:video-decoder-webm-vp8: 9c59270c3fd7afecdb556c50c9e8de78 -> 
  custom:audio-decoder-ogg-vorbis: bf7c407c2cedff20999df2af8eb42d56 -> 
  custom:audio-encoder-webm-vorbis: bf7c407c2cedff20999df2af8eb42d56 -> 
========================================================================
Received Prepare
Registering precompiled user dll's ...
Registered in 0.004823 seconds.
Begin MonoManager ReloadAssembly
Native extension for WindowsStandalone target not found
Refreshing native plugins compatible for Editor in 0.50 ms, found 3 plugins.
Preloading 0 native plugins for Editor in 0.00 ms.
Mono: successfully reloaded assembly
- Completed reload, in  1.015 seconds
Domain Reload Profiling:
	ReloadAssembly (1015ms)
		BeginReloadAssembly (120ms)
			ExecutionOrderSort (0ms)
			DisableScriptedObjects (6ms)
			BackupInstance (0ms)
			ReleaseScriptingObjects (0ms)
			CreateAndSetChildDomain (42ms)
		EndReloadAssembly (834ms)
			LoadAssemblies (92ms)
			RebuildTransferFunctionScriptingTraits (0ms)
			SetupTypeCache (305ms)
			ReleaseScriptCaches (1ms)
			RebuildScriptCaches (41ms)
			SetupLoadedEditorAssemblies (294ms)
				LogAssemblyErrors (0ms)
				InitializePlatformSupportModulesInManaged (4ms)
				SetLoadedEditorAssemblies (0ms)
				RefreshPlugins (1ms)
				BeforeProcessingInitializeOnLoad (87ms)
				ProcessInitializeOnLoadAttributes (187ms)
				ProcessInitializeOnLoadMethodAttributes (10ms)
				AfterProcessingInitializeOnLoad (5ms)
				EditorAssembliesLoaded (0ms)
			ExecutionOrderSort2 (0ms)
			AwakeInstancesAfterBackupRestoration (9ms)
Platform modules already initialized, skipping
Refreshing native plugins compatible for Editor in 0.48 ms, found 3 plugins.
Preloading 0 native plugins for Editor in 0.00 ms.
Unloading 2184 Unused Serialized files (Serialized files now loaded: 0)
System memory in use before: 98.2 MB.
System memory in use after: 98.3 MB.

Unloading 17 unused Assets to reduce memory usage. Loaded Objects now: 2652.
Total: 2.744000 ms (FindLiveObjects: 0.183400 ms CreateObjectMapping: 0.083400 ms MarkObjects: 2.461200 ms  DeleteObjects: 0.015100 ms)

AssetImportParameters requested are different than current active one (requested -> active):
  custom:framework-win-MediaFoundation: 216162199b28c13a410421893ffa2e32 -> 
  custom:video-decoder-ogg-theora: a1e56fd34408186e4bbccfd4996cb3dc -> 
  custom:container-muxer-webm: aa71ff27fc2769a1b78a27578f13a17b -> 
  custom:container-demuxer-webm: 4f35f7cbe854078d1ac9338744f61a02 -> 
  custom:container-demuxer-ogg: 62fdf1f143b41e24485cea50d1cbac27 -> 
  custom:video-encoder-webm-vp8: eb34c28f22e8b96e1ab97ce403110664 -> 
  custom:video-decoder-webm-vp8: 9c59270c3fd7afecdb556c50c9e8de78 -> 
  custom:audio-decoder-ogg-vorbis: bf7c407c2cedff20999df2af8eb42d56 -> 
  custom:audio-encoder-webm-vorbis: bf7c407c2cedff20999df2af8eb42d56 -> 
AssetImportWorkerClient::OnTransportError - code=2 error=End of file
