Using pre-set license
Built from '2020.3/staging' branch; Version is '2020.3.25f1 (9b9180224418) revision 10195328'; Using compiler version '192528614'; Build Type 'Release'
OS: 'Windows 10  (10.0.18363) 64bit Professional' Language: 'zh' Physical Memory: 16319 MB
BatchMode: 1, IsHumanControllingUs: 0, StartBugReporterOnCrash: 0, Is64bit: 1, IsPro: 0

COMMAND LINE ARGUMENTS:
C:\Program Files\Unity\Hub\Editor\2020.3.25f1\Editor\Unity.exe
-adb2
-batchMode
-noUpm
-name
AssetImportWorker0
-projectPath
C:/Users/Appedu/Documents/GitHub/Unity_HC_TS_2DRunning_20211218/2DRunning_20211218
-logFile
Logs/AssetImportWorker0.log
-srvPort
57745
Successfully changed project path to: C:/Users/Appedu/Documents/GitHub/Unity_HC_TS_2DRunning_20211218/2DRunning_20211218
C:/Users/Appedu/Documents/GitHub/Unity_HC_TS_2DRunning_20211218/2DRunning_20211218
Using Asset Import Pipeline V2.
Refreshing native plugins compatible for Editor in 57.71 ms, found 3 plugins.
Preloading 0 native plugins for Editor in 0.00 ms.
Initialize engine version: 2020.3.25f1 (9b9180224418)
[Subsystems] Discovering subsystems at path C:/Program Files/Unity/Hub/Editor/2020.3.25f1/Editor/Data/Resources/UnitySubsystems
[Subsystems] Discovering subsystems at path C:/Users/Appedu/Documents/GitHub/Unity_HC_TS_2DRunning_20211218/2DRunning_20211218/Assets
GfxDevice: creating device client; threaded=0
Direct3D:
    Version:  Direct3D 11.0 [level 11.1]
    Renderer: NVIDIA Quadro P620 (ID=0x1cb6)
    Vendor:   
    VRAM:     1977 MB
    Driver:   30.0.14.7247
Initialize mono
Mono path[0] = 'C:/Program Files/Unity/Hub/Editor/2020.3.25f1/Editor/Data/Managed'
Mono path[1] = 'C:/Program Files/Unity/Hub/Editor/2020.3.25f1/Editor/Data/MonoBleedingEdge/lib/mono/unityjit'
Mono config path = 'C:/Program Files/Unity/Hub/Editor/2020.3.25f1/Editor/Data/MonoBleedingEdge/etc'
Using monoOptions --debugger-agent=transport=dt_socket,embedding=1,server=y,suspend=n,address=127.0.0.1:56276
Begin MonoManager ReloadAssembly
Registering precompiled unity dll's ...
Register platform support module: C:/Program Files/Unity/Hub/Editor/2020.3.25f1/Editor/Data/PlaybackEngines/WebGLSupport/UnityEditor.WebGL.Extensions.dll
Register platform support module: C:/Program Files/Unity/Hub/Editor/2020.3.25f1/Editor/Data/PlaybackEngines/WindowsStandaloneSupport/UnityEditor.WindowsStandalone.Extensions.dll
Registered in 0.002602 seconds.
Native extension for WindowsStandalone target not found
Native extension for WebGL target not found
Refreshing native plugins compatible for Editor in 51.26 ms, found 3 plugins.
Preloading 0 native plugins for Editor in 0.00 ms.
Mono: successfully reloaded assembly
- Completed reload, in  0.685 seconds
Domain Reload Profiling:
	ReloadAssembly (686ms)
		BeginReloadAssembly (70ms)
			ExecutionOrderSort (0ms)
			DisableScriptedObjects (0ms)
			BackupInstance (0ms)
			ReleaseScriptingObjects (0ms)
			CreateAndSetChildDomain (1ms)
		EndReloadAssembly (525ms)
			LoadAssemblies (67ms)
			RebuildTransferFunctionScriptingTraits (0ms)
			SetupTypeCache (173ms)
			ReleaseScriptCaches (0ms)
			RebuildScriptCaches (38ms)
			SetupLoadedEditorAssemblies (193ms)
				LogAssemblyErrors (0ms)
				InitializePlatformSupportModulesInManaged (6ms)
				SetLoadedEditorAssemblies (0ms)
				RefreshPlugins (51ms)
				BeforeProcessingInitializeOnLoad (19ms)
				ProcessInitializeOnLoadAttributes (86ms)
				ProcessInitializeOnLoadMethodAttributes (31ms)
				AfterProcessingInitializeOnLoad (0ms)
				EditorAssembliesLoaded (0ms)
			ExecutionOrderSort2 (0ms)
			AwakeInstancesAfterBackupRestoration (0ms)
Platform modules already initialized, skipping
Registering precompiled user dll's ...
Registered in 0.005598 seconds.
Begin MonoManager ReloadAssembly
Native extension for WindowsStandalone target not found
Native extension for WebGL target not found
Refreshing native plugins compatible for Editor in 54.22 ms, found 3 plugins.
Preloading 0 native plugins for Editor in 0.00 ms.
Mono: successfully reloaded assembly
- Completed reload, in  1.270 seconds
Domain Reload Profiling:
	ReloadAssembly (1271ms)
		BeginReloadAssembly (156ms)
			ExecutionOrderSort (0ms)
			DisableScriptedObjects (5ms)
			BackupInstance (0ms)
			ReleaseScriptingObjects (0ms)
			CreateAndSetChildDomain (20ms)
		EndReloadAssembly (1042ms)
			LoadAssemblies (109ms)
			RebuildTransferFunctionScriptingTraits (0ms)
			SetupTypeCache (344ms)
			ReleaseScriptCaches (1ms)
			RebuildScriptCaches (48ms)
			SetupLoadedEditorAssemblies (401ms)
				LogAssemblyErrors (0ms)
				InitializePlatformSupportModulesInManaged (5ms)
				SetLoadedEditorAssemblies (0ms)
				RefreshPlugins (54ms)
				BeforeProcessingInitializeOnLoad (93ms)
				ProcessInitializeOnLoadAttributes (214ms)
				ProcessInitializeOnLoadMethodAttributes (26ms)
				AfterProcessingInitializeOnLoad (7ms)
				EditorAssembliesLoaded (0ms)
			ExecutionOrderSort2 (0ms)
			AwakeInstancesAfterBackupRestoration (8ms)
Platform modules already initialized, skipping
========================================================================
Worker process is ready to serve import requests
Launched and connected shader compiler UnityShaderCompiler.exe after 0.05 seconds
Refreshing native plugins compatible for Editor in 0.56 ms, found 3 plugins.
Preloading 0 native plugins for Editor in 0.00 ms.
Unloading 2194 Unused Serialized files (Serialized files now loaded: 0)
System memory in use before: 96.5 MB.
System memory in use after: 96.6 MB.

Unloading 28 unused Assets to reduce memory usage. Loaded Objects now: 2627.
Total: 4.188900 ms (FindLiveObjects: 0.372100 ms CreateObjectMapping: 0.093900 ms MarkObjects: 3.623300 ms  DeleteObjects: 0.098200 ms)

AssetImportParameters requested are different than current active one (requested -> active):
  custom:framework-win-MediaFoundation: 216162199b28c13a410421893ffa2e32 -> 
  custom:video-decoder-ogg-theora: a1e56fd34408186e4bbccfd4996cb3dc -> 
  custom:container-muxer-webm: aa71ff27fc2769a1b78a27578f13a17b -> 
  custom:container-demuxer-webm: 4f35f7cbe854078d1ac9338744f61a02 -> 
  custom:container-demuxer-ogg: 62fdf1f143b41e24485cea50d1cbac27 -> 
  custom:video-encoder-webm-vp8: eb34c28f22e8b96e1ab97ce403110664 -> 
  custom:video-decoder-webm-vp8: 9c59270c3fd7afecdb556c50c9e8de78 -> 
  custom:audio-decoder-ogg-vorbis: bf7c407c2cedff20999df2af8eb42d56 -> 
  custom:audio-encoder-webm-vorbis: bf7c407c2cedff20999df2af8eb42d56 -> 
========================================================================
Received Import Request.
  path: Assets/KID LOGO.png
  artifactKey: Guid(038ee6eaa45e6d544abea1a3d15299b4) Importer(815301076,1909f56bfc062723c751e8b465ee728b)
Start importing Assets/KID LOGO.png using Guid(038ee6eaa45e6d544abea1a3d15299b4) Importer(815301076,1909f56bfc062723c751e8b465ee728b)  -> (artifact id: 'd69c31ec64f430bf3ee4004607b3d81d') in 0.163135 seconds 
  Import took 0.167741 seconds .

========================================================================
Received Import Request.
  Time since last request: 0.000298 seconds.
  path: Assets/jf-openhuninn-1.1.ttf
  artifactKey: Guid(e2ed6c19835251e468aaab67d02b5cae) Importer(815301076,1909f56bfc062723c751e8b465ee728b)
Start importing Assets/jf-openhuninn-1.1.ttf using Guid(e2ed6c19835251e468aaab67d02b5cae) Importer(815301076,1909f56bfc062723c751e8b465ee728b)  -> (artifact id: 'c0044073651af69a71ffa9645eee2602') in 0.069850 seconds 
  Import took 0.074961 seconds .

========================================================================
Received Import Request.
  Time since last request: 325.367254 seconds.
  path: Assets/調色盤/1.asset
  artifactKey: Guid(c269b93290042a94fb7b349f0e63496a) Importer(815301076,1909f56bfc062723c751e8b465ee728b)
Start importing Assets/調色盤/1.asset using Guid(c269b93290042a94fb7b349f0e63496a) Importer(815301076,1909f56bfc062723c751e8b465ee728b)  -> (artifact id: 'd3843758272fff130c793ed2151da087') in 0.018282 seconds 
  Import took 0.022364 seconds .

========================================================================
Received Import Request.
  Time since last request: 0.000340 seconds.
  path: Assets/調色盤/2.asset
  artifactKey: Guid(3b74e740dc6488c41b72e1fb83c21143) Importer(815301076,1909f56bfc062723c751e8b465ee728b)
Start importing Assets/調色盤/2.asset using Guid(3b74e740dc6488c41b72e1fb83c21143) Importer(815301076,1909f56bfc062723c751e8b465ee728b)  -> (artifact id: '80b95b0540edb9d2514a877559ba81e2') in 0.009550 seconds 
  Import took 0.013571 seconds .

========================================================================
Received Import Request.
  Time since last request: 0.000344 seconds.
  path: Assets/調色盤/6.asset
  artifactKey: Guid(f99630021ee0c1447b4d2c0ac0717fb6) Importer(815301076,1909f56bfc062723c751e8b465ee728b)
Start importing Assets/調色盤/6.asset using Guid(f99630021ee0c1447b4d2c0ac0717fb6) Importer(815301076,1909f56bfc062723c751e8b465ee728b)  -> (artifact id: '1e214c83050ab7b49ab49b88796efa6f') in 0.012716 seconds 
  Import took 0.017484 seconds .

========================================================================
Received Import Request.
  Time since last request: 0.000266 seconds.
  path: Assets/調色盤/5.asset
  artifactKey: Guid(a944c622f4608b742a4750d4e305684e) Importer(815301076,1909f56bfc062723c751e8b465ee728b)
Start importing Assets/調色盤/5.asset using Guid(a944c622f4608b742a4750d4e305684e) Importer(815301076,1909f56bfc062723c751e8b465ee728b)  -> (artifact id: '00dc5ed159ad416882a352e44a9f6a86') in 0.009125 seconds 
  Import took 0.013085 seconds .

========================================================================
Received Import Request.
  Time since last request: 0.000335 seconds.
  path: Assets/調色盤/4.asset
  artifactKey: Guid(f873f8d50955a8a428b5dcf97a75a847) Importer(815301076,1909f56bfc062723c751e8b465ee728b)
Start importing Assets/調色盤/4.asset using Guid(f873f8d50955a8a428b5dcf97a75a847) Importer(815301076,1909f56bfc062723c751e8b465ee728b)  -> (artifact id: 'e2a7fc015700e9cbcbd4a10bf2802daa') in 0.010565 seconds 
  Import took 0.015481 seconds .

========================================================================
Received Import Request.
  Time since last request: 0.000367 seconds.
  path: Assets/調色盤/場景素材.prefab
  artifactKey: Guid(9e1e235a47286864c9fb58a4681e6740) Importer(815301076,1909f56bfc062723c751e8b465ee728b)
Start importing Assets/調色盤/場景素材.prefab using Guid(9e1e235a47286864c9fb58a4681e6740) Importer(815301076,1909f56bfc062723c751e8b465ee728b)  -> (artifact id: 'c4d4265bdbcf40347d7493bd4a1c14a3') in 0.029003 seconds 
  Import took 0.033226 seconds .

========================================================================
Received Import Request.
  Time since last request: 0.000238 seconds.
  path: Assets/調色盤/3.asset
  artifactKey: Guid(00523bb72e1ccd34b8459e99bae79050) Importer(815301076,1909f56bfc062723c751e8b465ee728b)
Start importing Assets/調色盤/3.asset using Guid(00523bb72e1ccd34b8459e99bae79050) Importer(815301076,1909f56bfc062723c751e8b465ee728b)  -> (artifact id: 'f2373b703e447a09f56f5e46da766d04') in 0.009571 seconds 
  Import took 0.013147 seconds .

========================================================================
Received Import Request.
  Time since last request: 33.539321 seconds.
  path: Assets/場景素材/BG/BG.png
  artifactKey: Guid(93f0561412810a548ac615865ffed993) Importer(815301076,1909f56bfc062723c751e8b465ee728b)
Start importing Assets/場景素材/BG/BG.png using Guid(93f0561412810a548ac615865ffed993) Importer(815301076,1909f56bfc062723c751e8b465ee728b)  -> (artifact id: '32110eb3b8c18548448786b3c0954f7b') in 0.029270 seconds 
  Import took 0.032994 seconds .

========================================================================
Received Import Request.
  Time since last request: 0.383071 seconds.
  path: Assets/場景素材/Object/Crate.png
  artifactKey: Guid(83fb2a8a494f5f94eb3df6e51cde5458) Importer(815301076,1909f56bfc062723c751e8b465ee728b)
Start importing Assets/場景素材/Object/Crate.png using Guid(83fb2a8a494f5f94eb3df6e51cde5458) Importer(815301076,1909f56bfc062723c751e8b465ee728b)  -> (artifact id: '8304e3a8973ab6463359ff4375316e79') in 0.016744 seconds 
  Import took 0.020316 seconds .

========================================================================
Received Import Request.
  Time since last request: 0.000361 seconds.
  path: Assets/場景素材/Object/SnowMan.png
  artifactKey: Guid(cb25f863ef77d9545beb4d202dbb411e) Importer(815301076,1909f56bfc062723c751e8b465ee728b)
Start importing Assets/場景素材/Object/SnowMan.png using Guid(cb25f863ef77d9545beb4d202dbb411e) Importer(815301076,1909f56bfc062723c751e8b465ee728b)  -> (artifact id: '73de28d0672cf0f37b3c212b850252e3') in 0.017544 seconds 
  Import took 0.020817 seconds .

========================================================================
Received Import Request.
  Time since last request: 0.000379 seconds.
  path: Assets/場景素材/Object/Tree_1.png
  artifactKey: Guid(517d4ce76375c8241bf4e40675f0cd72) Importer(815301076,1909f56bfc062723c751e8b465ee728b)
Start importing Assets/場景素材/Object/Tree_1.png using Guid(517d4ce76375c8241bf4e40675f0cd72) Importer(815301076,1909f56bfc062723c751e8b465ee728b)  -> (artifact id: '046e19f8bd37d50c1c3bba7eb91d6b25') in 0.016243 seconds 
  Import took 0.019956 seconds .

========================================================================
Received Import Request.
  Time since last request: 0.000279 seconds.
  path: Assets/場景素材/Object/IceBox.png
  artifactKey: Guid(0b1aa87f20368184aaffd1f81f14ce94) Importer(815301076,1909f56bfc062723c751e8b465ee728b)
Start importing Assets/場景素材/Object/IceBox.png using Guid(0b1aa87f20368184aaffd1f81f14ce94) Importer(815301076,1909f56bfc062723c751e8b465ee728b)  -> (artifact id: '1ce67598689cb2e92093769bf5e56a2e') in 0.017590 seconds 
  Import took 0.022410 seconds .

========================================================================
Received Import Request.
  Time since last request: 0.000216 seconds.
  path: Assets/場景素材/Object/Sign_2.png
  artifactKey: Guid(5e0c8432ea26cb347bacaa4f9a824123) Importer(815301076,1909f56bfc062723c751e8b465ee728b)
Start importing Assets/場景素材/Object/Sign_2.png using Guid(5e0c8432ea26cb347bacaa4f9a824123) Importer(815301076,1909f56bfc062723c751e8b465ee728b)  -> (artifact id: 'ce1e20af0f5f2da131da0366041080fd') in 0.017253 seconds 
  Import took 0.021098 seconds .

========================================================================
Received Import Request.
  Time since last request: 0.000305 seconds.
  path: Assets/場景素材/Object/Tree_2.png
  artifactKey: Guid(6215c7b01eebf514c8862292b00193d2) Importer(815301076,1909f56bfc062723c751e8b465ee728b)
Start importing Assets/場景素材/Object/Tree_2.png using Guid(6215c7b01eebf514c8862292b00193d2) Importer(815301076,1909f56bfc062723c751e8b465ee728b)  -> (artifact id: 'cbd517b0fd829bd1e5b9e4fefa165771') in 0.018489 seconds 
  Import took 0.022430 seconds .

========================================================================
Received Import Request.
  Time since last request: 0.000421 seconds.
  path: Assets/場景素材/Object/Igloo.png
  artifactKey: Guid(b446701e590f8ee46a61e1bfbb7141bf) Importer(815301076,1909f56bfc062723c751e8b465ee728b)
Start importing Assets/場景素材/Object/Igloo.png using Guid(b446701e590f8ee46a61e1bfbb7141bf) Importer(815301076,1909f56bfc062723c751e8b465ee728b)  -> (artifact id: '0331feb1f2412f3ae6ab31ec87665736') in 0.018615 seconds 
  Import took 0.022439 seconds .

========================================================================
Received Import Request.
  Time since last request: 0.000328 seconds.
  path: Assets/場景素材/Object/Crystal.png
  artifactKey: Guid(d8e222cf27b310f4cb7dcdeb489ee306) Importer(815301076,1909f56bfc062723c751e8b465ee728b)
Start importing Assets/場景素材/Object/Crystal.png using Guid(d8e222cf27b310f4cb7dcdeb489ee306) Importer(815301076,1909f56bfc062723c751e8b465ee728b)  -> (artifact id: '3775c03e140a35a6b4b3970c68bc1e9d') in 0.014313 seconds 
  Import took 0.018292 seconds .

========================================================================
Received Import Request.
  Time since last request: 0.000272 seconds.
  path: Assets/場景素材/Object/Stone.png
  artifactKey: Guid(9a86939b915ffb142bf109f761385b26) Importer(815301076,1909f56bfc062723c751e8b465ee728b)
Start importing Assets/場景素材/Object/Stone.png using Guid(9a86939b915ffb142bf109f761385b26) Importer(815301076,1909f56bfc062723c751e8b465ee728b)  -> (artifact id: '30d36e9207f5607562d672f4388a976d') in 0.014478 seconds 
  Import took 0.018075 seconds .

========================================================================
Received Import Request.
  Time since last request: 0.000356 seconds.
  path: Assets/場景素材/Object/Sign_1.png
  artifactKey: Guid(2166f2c827f4f7646b1824c6e321cfcd) Importer(815301076,1909f56bfc062723c751e8b465ee728b)
Start importing Assets/場景素材/Object/Sign_1.png using Guid(2166f2c827f4f7646b1824c6e321cfcd) Importer(815301076,1909f56bfc062723c751e8b465ee728b)  -> (artifact id: 'cea646010803fccb30c8677c9b171acc') in 0.012516 seconds 
  Import took 0.016402 seconds .

========================================================================
Received Import Request.
  Time since last request: 0.809748 seconds.
  path: Assets/場景素材/Tiles/1.png
  artifactKey: Guid(2bf6c97e6feef784da14ebb72be6f9b9) Importer(815301076,1909f56bfc062723c751e8b465ee728b)
Start importing Assets/場景素材/Tiles/1.png using Guid(2bf6c97e6feef784da14ebb72be6f9b9) Importer(815301076,1909f56bfc062723c751e8b465ee728b)  -> (artifact id: 'e955d607ee2d4c609c9851c0a863eb2c') in 0.011123 seconds 
  Import took 0.014604 seconds .

========================================================================
Received Import Request.
  Time since last request: 0.000303 seconds.
  path: Assets/場景素材/Tiles/12.png
  artifactKey: Guid(6d70a797ed371ec47964a48196ccd33e) Importer(815301076,1909f56bfc062723c751e8b465ee728b)
Start importing Assets/場景素材/Tiles/12.png using Guid(6d70a797ed371ec47964a48196ccd33e) Importer(815301076,1909f56bfc062723c751e8b465ee728b)  -> (artifact id: '72d951cda547d8aaf53c125eb1f336cf') in 0.010991 seconds 
  Import took 0.014923 seconds .

========================================================================
Received Import Request.
  Time since last request: 0.000277 seconds.
  path: Assets/場景素材/Tiles/8.png
  artifactKey: Guid(34fbb3b5ac3eb4a4bbe61f58d113d248) Importer(815301076,1909f56bfc062723c751e8b465ee728b)
Start importing Assets/場景素材/Tiles/8.png using Guid(34fbb3b5ac3eb4a4bbe61f58d113d248) Importer(815301076,1909f56bfc062723c751e8b465ee728b)  -> (artifact id: 'a74a0f88fbb7cc7c1482183a673f35c0') in 0.012455 seconds 
  Import took 0.016539 seconds .

========================================================================
Received Import Request.
  Time since last request: 0.000272 seconds.
  path: Assets/場景素材/Tiles/3.png
  artifactKey: Guid(87fa8bfbf6c7cf84583ce8db6009cbb2) Importer(815301076,1909f56bfc062723c751e8b465ee728b)
Start importing Assets/場景素材/Tiles/3.png using Guid(87fa8bfbf6c7cf84583ce8db6009cbb2) Importer(815301076,1909f56bfc062723c751e8b465ee728b)  -> (artifact id: 'e6c5cc95161eb250355c8d74d1ffb0db') in 0.012594 seconds 
  Import took 0.016992 seconds .

========================================================================
Received Import Request.
  Time since last request: 0.000309 seconds.
  path: Assets/場景素材/Tiles/2.png
  artifactKey: Guid(2b020fe13ec58ab42a718134a218b036) Importer(815301076,1909f56bfc062723c751e8b465ee728b)
Start importing Assets/場景素材/Tiles/2.png using Guid(2b020fe13ec58ab42a718134a218b036) Importer(815301076,1909f56bfc062723c751e8b465ee728b)  -> (artifact id: '04bd329988674c981353cdcb6a2d825e') in 0.011065 seconds 
  Import took 0.014676 seconds .

========================================================================
Received Import Request.
  Time since last request: 0.000338 seconds.
  path: Assets/場景素材/Tiles/6.png
  artifactKey: Guid(b2ad1cd335fdba447bae06e30f48ad19) Importer(815301076,1909f56bfc062723c751e8b465ee728b)
Start importing Assets/場景素材/Tiles/6.png using Guid(b2ad1cd335fdba447bae06e30f48ad19) Importer(815301076,1909f56bfc062723c751e8b465ee728b)  -> (artifact id: '1e1d190f53b557f15c9e70eb003accdc') in 0.012723 seconds 
  Import took 0.017260 seconds .

========================================================================
Received Import Request.
  Time since last request: 0.000318 seconds.
  path: Assets/場景素材/Tiles/13.png
  artifactKey: Guid(f0dec8e574b073e40acb8e5052019fb2) Importer(815301076,1909f56bfc062723c751e8b465ee728b)
Start importing Assets/場景素材/Tiles/13.png using Guid(f0dec8e574b073e40acb8e5052019fb2) Importer(815301076,1909f56bfc062723c751e8b465ee728b)  -> (artifact id: '0909896fca1918cc3ecd9be6cefade1b') in 0.014375 seconds 
  Import took 0.018075 seconds .

========================================================================
Received Import Request.
  Time since last request: 0.000235 seconds.
  path: Assets/場景素材/Tiles/10.png
  artifactKey: Guid(b73617003c5efa842949ee8ba798c42b) Importer(815301076,1909f56bfc062723c751e8b465ee728b)
Start importing Assets/場景素材/Tiles/10.png using Guid(b73617003c5efa842949ee8ba798c42b) Importer(815301076,1909f56bfc062723c751e8b465ee728b)  -> (artifact id: '1eaabb91f4c7355d1cde1904f6c1ce6d') in 0.012215 seconds 
  Import took 0.015586 seconds .

========================================================================
Received Import Request.
  Time since last request: 0.000275 seconds.
  path: Assets/場景素材/Tiles/9.png
  artifactKey: Guid(fc959bcc34506224588eeea7846de2f5) Importer(815301076,1909f56bfc062723c751e8b465ee728b)
Start importing Assets/場景素材/Tiles/9.png using Guid(fc959bcc34506224588eeea7846de2f5) Importer(815301076,1909f56bfc062723c751e8b465ee728b)  -> (artifact id: 'ebc96f23f094cde3bfe24b48932184e1') in 0.012749 seconds 
  Import took 0.017174 seconds .

========================================================================
Received Import Request.
  Time since last request: 0.000354 seconds.
  path: Assets/場景素材/Tiles/7.png
  artifactKey: Guid(75da7b6078a2b5f4993b4cf28e9531fd) Importer(815301076,1909f56bfc062723c751e8b465ee728b)
Start importing Assets/場景素材/Tiles/7.png using Guid(75da7b6078a2b5f4993b4cf28e9531fd) Importer(815301076,1909f56bfc062723c751e8b465ee728b)  -> (artifact id: '53972b5c3a3bef1b16c0b25cffa4732f') in 0.012908 seconds 
  Import took 0.017091 seconds .

========================================================================
Received Import Request.
  Time since last request: 0.000382 seconds.
  path: Assets/場景素材/Tiles/5.png
  artifactKey: Guid(ec1dc95230e5a1b47896c6e3838bd99d) Importer(815301076,1909f56bfc062723c751e8b465ee728b)
Start importing Assets/場景素材/Tiles/5.png using Guid(ec1dc95230e5a1b47896c6e3838bd99d) Importer(815301076,1909f56bfc062723c751e8b465ee728b)  -> (artifact id: 'cb38235add5c15a7ed1f81a428d8e821') in 0.012528 seconds 
  Import took 0.016728 seconds .

========================================================================
Received Import Request.
  Time since last request: 0.000238 seconds.
  path: Assets/場景素材/Tiles/11.png
  artifactKey: Guid(e1a86f3fdfcc2c94d9b80666c2c97179) Importer(815301076,1909f56bfc062723c751e8b465ee728b)
Start importing Assets/場景素材/Tiles/11.png using Guid(e1a86f3fdfcc2c94d9b80666c2c97179) Importer(815301076,1909f56bfc062723c751e8b465ee728b)  -> (artifact id: 'bd648b5bfd07a726176ea4071e251e6c') in 0.013471 seconds 
  Import took 0.018202 seconds .

========================================================================
Received Import Request.
  Time since last request: 0.000400 seconds.
  path: Assets/場景素材/Tiles/4.png
  artifactKey: Guid(7bddda55953708149ab61e47c21458a9) Importer(815301076,1909f56bfc062723c751e8b465ee728b)
Start importing Assets/場景素材/Tiles/4.png using Guid(7bddda55953708149ab61e47c21458a9) Importer(815301076,1909f56bfc062723c751e8b465ee728b)  -> (artifact id: 'de53b0279f51deb1cf40f5f8e1939086') in 0.012484 seconds 
  Import took 0.017646 seconds .

========================================================================
Received Import Request.
  Time since last request: 85.524822 seconds.
  path: Assets/Scirp
  artifactKey: Guid(b9130ef5557952b48a40cb845397be60) Importer(815301076,1909f56bfc062723c751e8b465ee728b)
Start importing Assets/Scirp using Guid(b9130ef5557952b48a40cb845397be60) Importer(815301076,1909f56bfc062723c751e8b465ee728b)  -> (artifact id: '11a4a7fb654843be699f47a04347fec7') in 0.003513 seconds 
  Import took 0.006738 seconds .

========================================================================
Received Import Request.
  Time since last request: 8.605525 seconds.
  path: Assets/Script
  artifactKey: Guid(b9130ef5557952b48a40cb845397be60) Importer(815301076,1909f56bfc062723c751e8b465ee728b)
Start importing Assets/Script using Guid(b9130ef5557952b48a40cb845397be60) Importer(815301076,1909f56bfc062723c751e8b465ee728b)  -> (artifact id: 'b7aa093ae52b92a5ad77824521b7a6ab') in 0.002580 seconds 
  Import took 0.007040 seconds .

========================================================================
Received Import Request.
  Time since last request: 43.992678 seconds.
  path: Assets/Script/LearnProperty.cs
  artifactKey: Guid(78c4bec3e0e7adc49ace49c6939169fe) Importer(815301076,1909f56bfc062723c751e8b465ee728b)
Start importing Assets/Script/LearnProperty.cs using Guid(78c4bec3e0e7adc49ace49c6939169fe) Importer(815301076,1909f56bfc062723c751e8b465ee728b)  -> (artifact id: '62dbd4242f30f85561e485904d55ef38') in 0.013316 seconds 
  Import took 0.016720 seconds .

========================================================================
Received Prepare
Registering precompiled user dll's ...
Registered in 0.005036 seconds.
Begin MonoManager ReloadAssembly
Native extension for WindowsStandalone target not found
Native extension for WebGL target not found
Refreshing native plugins compatible for Editor in 0.58 ms, found 3 plugins.
Preloading 0 native plugins for Editor in 0.00 ms.
Mono: successfully reloaded assembly
- Completed reload, in  1.146 seconds
Domain Reload Profiling:
	ReloadAssembly (1146ms)
		BeginReloadAssembly (120ms)
			ExecutionOrderSort (0ms)
			DisableScriptedObjects (5ms)
			BackupInstance (0ms)
			ReleaseScriptingObjects (0ms)
			CreateAndSetChildDomain (40ms)
		EndReloadAssembly (959ms)
			LoadAssemblies (96ms)
			RebuildTransferFunctionScriptingTraits (0ms)
			SetupTypeCache (360ms)
			ReleaseScriptCaches (1ms)
			RebuildScriptCaches (44ms)
			SetupLoadedEditorAssemblies (334ms)
				LogAssemblyErrors (0ms)
				InitializePlatformSupportModulesInManaged (5ms)
				SetLoadedEditorAssemblies (1ms)
				RefreshPlugins (1ms)
				BeforeProcessingInitializeOnLoad (91ms)
				ProcessInitializeOnLoadAttributes (216ms)
				ProcessInitializeOnLoadMethodAttributes (13ms)
				AfterProcessingInitializeOnLoad (7ms)
				EditorAssembliesLoaded (0ms)
			ExecutionOrderSort2 (0ms)
			AwakeInstancesAfterBackupRestoration (11ms)
Platform modules already initialized, skipping
Refreshing native plugins compatible for Editor in 0.51 ms, found 3 plugins.
Preloading 0 native plugins for Editor in 0.00 ms.
Unloading 2184 Unused Serialized files (Serialized files now loaded: 0)
System memory in use before: 99.2 MB.
System memory in use after: 99.4 MB.

Unloading 17 unused Assets to reduce memory usage. Loaded Objects now: 2698.
Total: 3.170500 ms (FindLiveObjects: 0.199700 ms CreateObjectMapping: 0.152100 ms MarkObjects: 2.800100 ms  DeleteObjects: 0.017700 ms)

AssetImportParameters requested are different than current active one (requested -> active):
  custom:framework-win-MediaFoundation: 216162199b28c13a410421893ffa2e32 -> 
  custom:video-decoder-ogg-theora: a1e56fd34408186e4bbccfd4996cb3dc -> 
  custom:container-muxer-webm: aa71ff27fc2769a1b78a27578f13a17b -> 
  custom:container-demuxer-webm: 4f35f7cbe854078d1ac9338744f61a02 -> 
  custom:container-demuxer-ogg: 62fdf1f143b41e24485cea50d1cbac27 -> 
  custom:video-encoder-webm-vp8: eb34c28f22e8b96e1ab97ce403110664 -> 
  custom:video-decoder-webm-vp8: 9c59270c3fd7afecdb556c50c9e8de78 -> 
  custom:audio-decoder-ogg-vorbis: bf7c407c2cedff20999df2af8eb42d56 -> 
  custom:audio-encoder-webm-vorbis: bf7c407c2cedff20999df2af8eb42d56 -> 
========================================================================
Received Import Request.
  Time since last request: 1959.651949 seconds.
  path: Assets/Script/LearnProperty.cs
  artifactKey: Guid(78c4bec3e0e7adc49ace49c6939169fe) Importer(815301076,1909f56bfc062723c751e8b465ee728b)
Start importing Assets/Script/LearnProperty.cs using Guid(78c4bec3e0e7adc49ace49c6939169fe) Importer(815301076,1909f56bfc062723c751e8b465ee728b)  -> (artifact id: 'eeb749de602e81106119d7e648de1fe3') in 0.008465 seconds 
  Import took 0.013479 seconds .

========================================================================
Received Prepare
Registering precompiled user dll's ...
Registered in 0.005164 seconds.
Begin MonoManager ReloadAssembly
Native extension for WindowsStandalone target not found
Native extension for WebGL target not found
Refreshing native plugins compatible for Editor in 0.46 ms, found 3 plugins.
Preloading 0 native plugins for Editor in 0.00 ms.
Mono: successfully reloaded assembly
- Completed reload, in  1.032 seconds
Domain Reload Profiling:
	ReloadAssembly (1033ms)
		BeginReloadAssembly (135ms)
			ExecutionOrderSort (0ms)
			DisableScriptedObjects (6ms)
			BackupInstance (0ms)
			ReleaseScriptingObjects (0ms)
			CreateAndSetChildDomain (40ms)
		EndReloadAssembly (824ms)
			LoadAssemblies (94ms)
			RebuildTransferFunctionScriptingTraits (0ms)
			SetupTypeCache (299ms)
			ReleaseScriptCaches (1ms)
			RebuildScriptCaches (41ms)
			SetupLoadedEditorAssemblies (292ms)
				LogAssemblyErrors (0ms)
				InitializePlatformSupportModulesInManaged (6ms)
				SetLoadedEditorAssemblies (0ms)
				RefreshPlugins (1ms)
				BeforeProcessingInitializeOnLoad (82ms)
				ProcessInitializeOnLoadAttributes (187ms)
				ProcessInitializeOnLoadMethodAttributes (10ms)
				AfterProcessingInitializeOnLoad (6ms)
				EditorAssembliesLoaded (0ms)
			ExecutionOrderSort2 (0ms)
			AwakeInstancesAfterBackupRestoration (8ms)
Platform modules already initialized, skipping
Refreshing native plugins compatible for Editor in 0.48 ms, found 3 plugins.
Preloading 0 native plugins for Editor in 0.00 ms.
Unloading 2184 Unused Serialized files (Serialized files now loaded: 0)
System memory in use before: 99.3 MB.
System memory in use after: 99.4 MB.

Unloading 17 unused Assets to reduce memory usage. Loaded Objects now: 2700.
Total: 2.881100 ms (FindLiveObjects: 0.168300 ms CreateObjectMapping: 0.071400 ms MarkObjects: 2.623900 ms  DeleteObjects: 0.016800 ms)

AssetImportParameters requested are different than current active one (requested -> active):
  custom:framework-win-MediaFoundation: 216162199b28c13a410421893ffa2e32 -> 
  custom:video-decoder-ogg-theora: a1e56fd34408186e4bbccfd4996cb3dc -> 
  custom:container-muxer-webm: aa71ff27fc2769a1b78a27578f13a17b -> 
  custom:container-demuxer-webm: 4f35f7cbe854078d1ac9338744f61a02 -> 
  custom:container-demuxer-ogg: 62fdf1f143b41e24485cea50d1cbac27 -> 
  custom:video-encoder-webm-vp8: eb34c28f22e8b96e1ab97ce403110664 -> 
  custom:video-decoder-webm-vp8: 9c59270c3fd7afecdb556c50c9e8de78 -> 
  custom:audio-decoder-ogg-vorbis: bf7c407c2cedff20999df2af8eb42d56 -> 
  custom:audio-encoder-webm-vorbis: bf7c407c2cedff20999df2af8eb42d56 -> 
========================================================================
Received Import Request.
  Time since last request: 1052.663457 seconds.
  path: Assets/Script/LearnProperty.cs
  artifactKey: Guid(78c4bec3e0e7adc49ace49c6939169fe) Importer(815301076,1909f56bfc062723c751e8b465ee728b)
Start importing Assets/Script/LearnProperty.cs using Guid(78c4bec3e0e7adc49ace49c6939169fe) Importer(815301076,1909f56bfc062723c751e8b465ee728b)  -> (artifact id: '76370630870d6e2f4c836ec665975ffb') in 0.008302 seconds 
  Import took 0.012667 seconds .

========================================================================
Received Prepare
Registering precompiled user dll's ...
Registered in 0.006074 seconds.
Begin MonoManager ReloadAssembly
Native extension for WindowsStandalone target not found
Native extension for WebGL target not found
Refreshing native plugins compatible for Editor in 0.46 ms, found 3 plugins.
Preloading 0 native plugins for Editor in 0.00 ms.
Mono: successfully reloaded assembly
- Completed reload, in  1.100 seconds
Domain Reload Profiling:
	ReloadAssembly (1101ms)
		BeginReloadAssembly (127ms)
			ExecutionOrderSort (0ms)
			DisableScriptedObjects (6ms)
			BackupInstance (0ms)
			ReleaseScriptingObjects (0ms)
			CreateAndSetChildDomain (39ms)
		EndReloadAssembly (900ms)
			LoadAssemblies (117ms)
			RebuildTransferFunctionScriptingTraits (0ms)
			SetupTypeCache (312ms)
			ReleaseScriptCaches (1ms)
			RebuildScriptCaches (44ms)
			SetupLoadedEditorAssemblies (331ms)
				LogAssemblyErrors (0ms)
				InitializePlatformSupportModulesInManaged (5ms)
				SetLoadedEditorAssemblies (0ms)
				RefreshPlugins (1ms)
				BeforeProcessingInitializeOnLoad (102ms)
				ProcessInitializeOnLoadAttributes (206ms)
				ProcessInitializeOnLoadMethodAttributes (11ms)
				AfterProcessingInitializeOnLoad (6ms)
				EditorAssembliesLoaded (0ms)
			ExecutionOrderSort2 (0ms)
			AwakeInstancesAfterBackupRestoration (10ms)
Platform modules already initialized, skipping
Refreshing native plugins compatible for Editor in 0.52 ms, found 3 plugins.
Preloading 0 native plugins for Editor in 0.00 ms.
Unloading 2184 Unused Serialized files (Serialized files now loaded: 0)
System memory in use before: 99.3 MB.
System memory in use after: 99.4 MB.

Unloading 17 unused Assets to reduce memory usage. Loaded Objects now: 2702.
Total: 3.028100 ms (FindLiveObjects: 0.189900 ms CreateObjectMapping: 0.079300 ms MarkObjects: 2.702300 ms  DeleteObjects: 0.055900 ms)

AssetImportParameters requested are different than current active one (requested -> active):
  custom:framework-win-MediaFoundation: 216162199b28c13a410421893ffa2e32 -> 
  custom:video-decoder-ogg-theora: a1e56fd34408186e4bbccfd4996cb3dc -> 
  custom:container-muxer-webm: aa71ff27fc2769a1b78a27578f13a17b -> 
  custom:container-demuxer-webm: 4f35f7cbe854078d1ac9338744f61a02 -> 
  custom:container-demuxer-ogg: 62fdf1f143b41e24485cea50d1cbac27 -> 
  custom:video-encoder-webm-vp8: eb34c28f22e8b96e1ab97ce403110664 -> 
  custom:video-decoder-webm-vp8: 9c59270c3fd7afecdb556c50c9e8de78 -> 
  custom:audio-decoder-ogg-vorbis: bf7c407c2cedff20999df2af8eb42d56 -> 
  custom:audio-encoder-webm-vorbis: bf7c407c2cedff20999df2af8eb42d56 -> 
========================================================================
Received Import Request.
  Time since last request: 153.021688 seconds.
  path: Assets/Script/LearnProperty.cs
  artifactKey: Guid(78c4bec3e0e7adc49ace49c6939169fe) Importer(815301076,1909f56bfc062723c751e8b465ee728b)
Start importing Assets/Script/LearnProperty.cs using Guid(78c4bec3e0e7adc49ace49c6939169fe) Importer(815301076,1909f56bfc062723c751e8b465ee728b)  -> (artifact id: '27155b7d513a6b7615e06c225b70f692') in 0.006907 seconds 
  Import took 0.011390 seconds .

========================================================================
Received Prepare
Registering precompiled user dll's ...
Registered in 0.005897 seconds.
Begin MonoManager ReloadAssembly
Native extension for WindowsStandalone target not found
Native extension for WebGL target not found
Refreshing native plugins compatible for Editor in 0.46 ms, found 3 plugins.
Preloading 0 native plugins for Editor in 0.00 ms.
Mono: successfully reloaded assembly
- Completed reload, in  0.995 seconds
Domain Reload Profiling:
	ReloadAssembly (996ms)
		BeginReloadAssembly (126ms)
			ExecutionOrderSort (0ms)
			DisableScriptedObjects (6ms)
			BackupInstance (0ms)
			ReleaseScriptingObjects (0ms)
			CreateAndSetChildDomain (36ms)
		EndReloadAssembly (802ms)
			LoadAssemblies (92ms)
			RebuildTransferFunctionScriptingTraits (0ms)
			SetupTypeCache (286ms)
			ReleaseScriptCaches (1ms)
			RebuildScriptCaches (40ms)
			SetupLoadedEditorAssemblies (287ms)
				LogAssemblyErrors (0ms)
				InitializePlatformSupportModulesInManaged (5ms)
				SetLoadedEditorAssemblies (0ms)
				RefreshPlugins (1ms)
				BeforeProcessingInitializeOnLoad (79ms)
				ProcessInitializeOnLoadAttributes (184ms)
				ProcessInitializeOnLoadMethodAttributes (12ms)
				AfterProcessingInitializeOnLoad (6ms)
				EditorAssembliesLoaded (0ms)
			ExecutionOrderSort2 (0ms)
			AwakeInstancesAfterBackupRestoration (8ms)
Platform modules already initialized, skipping
Refreshing native plugins compatible for Editor in 0.57 ms, found 3 plugins.
Preloading 0 native plugins for Editor in 0.00 ms.
Unloading 2184 Unused Serialized files (Serialized files now loaded: 0)
System memory in use before: 99.3 MB.
System memory in use after: 99.5 MB.

Unloading 17 unused Assets to reduce memory usage. Loaded Objects now: 2704.
Total: 2.885100 ms (FindLiveObjects: 0.186500 ms CreateObjectMapping: 0.083600 ms MarkObjects: 2.599700 ms  DeleteObjects: 0.014700 ms)

AssetImportParameters requested are different than current active one (requested -> active):
  custom:framework-win-MediaFoundation: 216162199b28c13a410421893ffa2e32 -> 
  custom:video-decoder-ogg-theora: a1e56fd34408186e4bbccfd4996cb3dc -> 
  custom:container-muxer-webm: aa71ff27fc2769a1b78a27578f13a17b -> 
  custom:container-demuxer-webm: 4f35f7cbe854078d1ac9338744f61a02 -> 
  custom:container-demuxer-ogg: 62fdf1f143b41e24485cea50d1cbac27 -> 
  custom:video-encoder-webm-vp8: eb34c28f22e8b96e1ab97ce403110664 -> 
  custom:video-decoder-webm-vp8: 9c59270c3fd7afecdb556c50c9e8de78 -> 
  custom:audio-decoder-ogg-vorbis: bf7c407c2cedff20999df2af8eb42d56 -> 
  custom:audio-encoder-webm-vorbis: bf7c407c2cedff20999df2af8eb42d56 -> 
========================================================================
Received Import Request.
  Time since last request: 869.218158 seconds.
  path: Assets/Script/LearnCondition.cs
  artifactKey: Guid(b0f4d2522d1ac2b469b748bf96db158e) Importer(815301076,1909f56bfc062723c751e8b465ee728b)
Start importing Assets/Script/LearnCondition.cs using Guid(b0f4d2522d1ac2b469b748bf96db158e) Importer(815301076,1909f56bfc062723c751e8b465ee728b)  -> (artifact id: '0f6b63af3d89bfac5ddf3659adb6a7de') in 0.010475 seconds 
  Import took 0.016219 seconds .

========================================================================
Received Prepare
Registering precompiled user dll's ...
Registered in 0.005289 seconds.
Begin MonoManager ReloadAssembly
Native extension for WindowsStandalone target not found
Native extension for WebGL target not found
Refreshing native plugins compatible for Editor in 0.52 ms, found 3 plugins.
Preloading 0 native plugins for Editor in 0.00 ms.
Mono: successfully reloaded assembly
- Completed reload, in  1.075 seconds
Domain Reload Profiling:
	ReloadAssembly (1076ms)
		BeginReloadAssembly (133ms)
			ExecutionOrderSort (0ms)
			DisableScriptedObjects (6ms)
			BackupInstance (0ms)
			ReleaseScriptingObjects (0ms)
			CreateAndSetChildDomain (41ms)
		EndReloadAssembly (871ms)
			LoadAssemblies (98ms)
			RebuildTransferFunctionScriptingTraits (0ms)
			SetupTypeCache (330ms)
			ReleaseScriptCaches (2ms)
			RebuildScriptCaches (47ms)
			SetupLoadedEditorAssemblies (291ms)
				LogAssemblyErrors (0ms)
				InitializePlatformSupportModulesInManaged (5ms)
				SetLoadedEditorAssemblies (0ms)
				RefreshPlugins (1ms)
				BeforeProcessingInitializeOnLoad (81ms)
				ProcessInitializeOnLoadAttributes (187ms)
				ProcessInitializeOnLoadMethodAttributes (10ms)
				AfterProcessingInitializeOnLoad (6ms)
				EditorAssembliesLoaded (0ms)
			ExecutionOrderSort2 (0ms)
			AwakeInstancesAfterBackupRestoration (9ms)
Platform modules already initialized, skipping
Refreshing native plugins compatible for Editor in 0.53 ms, found 3 plugins.
Preloading 0 native plugins for Editor in 0.00 ms.
Unloading 2185 Unused Serialized files (Serialized files now loaded: 0)
System memory in use before: 99.4 MB.
System memory in use after: 99.5 MB.

Unloading 17 unused Assets to reduce memory usage. Loaded Objects now: 2707.
Total: 3.313100 ms (FindLiveObjects: 0.162500 ms CreateObjectMapping: 0.069300 ms MarkObjects: 3.064300 ms  DeleteObjects: 0.016000 ms)

AssetImportParameters requested are different than current active one (requested -> active):
  custom:framework-win-MediaFoundation: 216162199b28c13a410421893ffa2e32 -> 
  custom:video-decoder-ogg-theora: a1e56fd34408186e4bbccfd4996cb3dc -> 
  custom:container-muxer-webm: aa71ff27fc2769a1b78a27578f13a17b -> 
  custom:container-demuxer-webm: 4f35f7cbe854078d1ac9338744f61a02 -> 
  custom:container-demuxer-ogg: 62fdf1f143b41e24485cea50d1cbac27 -> 
  custom:video-encoder-webm-vp8: eb34c28f22e8b96e1ab97ce403110664 -> 
  custom:video-decoder-webm-vp8: 9c59270c3fd7afecdb556c50c9e8de78 -> 
  custom:audio-decoder-ogg-vorbis: bf7c407c2cedff20999df2af8eb42d56 -> 
  custom:audio-encoder-webm-vorbis: bf7c407c2cedff20999df2af8eb42d56 -> 
========================================================================
Received Import Request.
  Time since last request: 886.061959 seconds.
  path: Assets/Script/LearnCondition.cs
  artifactKey: Guid(b0f4d2522d1ac2b469b748bf96db158e) Importer(815301076,1909f56bfc062723c751e8b465ee728b)
Start importing Assets/Script/LearnCondition.cs using Guid(b0f4d2522d1ac2b469b748bf96db158e) Importer(815301076,1909f56bfc062723c751e8b465ee728b)  -> (artifact id: '5532d573324fcca2a9e8f7189657a4e8') in 0.008311 seconds 
  Import took 0.012967 seconds .

========================================================================
Received Import Request.
  Time since last request: 198.987828 seconds.
  path: Assets/Script/LearnCondition.cs
  artifactKey: Guid(b0f4d2522d1ac2b469b748bf96db158e) Importer(815301076,1909f56bfc062723c751e8b465ee728b)
Start importing Assets/Script/LearnCondition.cs using Guid(b0f4d2522d1ac2b469b748bf96db158e) Importer(815301076,1909f56bfc062723c751e8b465ee728b)  -> (artifact id: '23c79039aed7267fc949f70aab3305c3') in 0.003723 seconds 
  Import took 0.009063 seconds .

========================================================================
Received Import Request.
  Time since last request: 604.867809 seconds.
  path: Assets/Script/LearnCondition.cs
  artifactKey: Guid(b0f4d2522d1ac2b469b748bf96db158e) Importer(815301076,1909f56bfc062723c751e8b465ee728b)
Start importing Assets/Script/LearnCondition.cs using Guid(b0f4d2522d1ac2b469b748bf96db158e) Importer(815301076,1909f56bfc062723c751e8b465ee728b)  -> (artifact id: '4fcf86dfa11e9ada84aa1ab050070abf') in 0.002940 seconds 
  Import took 0.008033 seconds .

========================================================================
Received Import Request.
  Time since last request: 581.494913 seconds.
  path: Assets/Script/LearnCondition.cs
  artifactKey: Guid(b0f4d2522d1ac2b469b748bf96db158e) Importer(815301076,1909f56bfc062723c751e8b465ee728b)
Start importing Assets/Script/LearnCondition.cs using Guid(b0f4d2522d1ac2b469b748bf96db158e) Importer(815301076,1909f56bfc062723c751e8b465ee728b)  -> (artifact id: '95bddf32bd9872ef496f41e32f76a7cb') in 0.002572 seconds 
  Import took 0.007766 seconds .

========================================================================
Received Import Request.
  Time since last request: 1555.574963 seconds.
  path: Assets/Script/LearnCondition.cs
  artifactKey: Guid(b0f4d2522d1ac2b469b748bf96db158e) Importer(815301076,1909f56bfc062723c751e8b465ee728b)
Start importing Assets/Script/LearnCondition.cs using Guid(b0f4d2522d1ac2b469b748bf96db158e) Importer(815301076,1909f56bfc062723c751e8b465ee728b)  -> (artifact id: '07fd7417a6f047017feb122c6e7ae1dd') in 0.003391 seconds 
  Import took 0.009061 seconds .

========================================================================
Received Import Request.
  Time since last request: 659.017572 seconds.
  path: Assets/Script/LearnCondition.cs
  artifactKey: Guid(b0f4d2522d1ac2b469b748bf96db158e) Importer(815301076,1909f56bfc062723c751e8b465ee728b)
Start importing Assets/Script/LearnCondition.cs using Guid(b0f4d2522d1ac2b469b748bf96db158e) Importer(815301076,1909f56bfc062723c751e8b465ee728b)  -> (artifact id: '39e7a8b4aae7ba4409cba21db105617d') in 0.003338 seconds 
  Import took 0.007875 seconds .

========================================================================
Received Prepare
Registering precompiled user dll's ...
Registered in 0.005697 seconds.
Begin MonoManager ReloadAssembly
Native extension for WindowsStandalone target not found
Native extension for WebGL target not found
Refreshing native plugins compatible for Editor in 0.50 ms, found 3 plugins.
Preloading 0 native plugins for Editor in 0.00 ms.
Mono: successfully reloaded assembly
- Completed reload, in  1.070 seconds
Domain Reload Profiling:
	ReloadAssembly (1070ms)
		BeginReloadAssembly (131ms)
			ExecutionOrderSort (0ms)
			DisableScriptedObjects (6ms)
			BackupInstance (0ms)
			ReleaseScriptingObjects (0ms)
			CreateAndSetChildDomain (38ms)
		EndReloadAssembly (867ms)
			LoadAssemblies (119ms)
			RebuildTransferFunctionScriptingTraits (0ms)
			SetupTypeCache (296ms)
			ReleaseScriptCaches (1ms)
			RebuildScriptCaches (46ms)
			SetupLoadedEditorAssemblies (297ms)
				LogAssemblyErrors (0ms)
				InitializePlatformSupportModulesInManaged (5ms)
				SetLoadedEditorAssemblies (0ms)
				RefreshPlugins (1ms)
				BeforeProcessingInitializeOnLoad (82ms)
				ProcessInitializeOnLoadAttributes (192ms)
				ProcessInitializeOnLoadMethodAttributes (10ms)
				AfterProcessingInitializeOnLoad (6ms)
				EditorAssembliesLoaded (0ms)
			ExecutionOrderSort2 (0ms)
			AwakeInstancesAfterBackupRestoration (8ms)
Platform modules already initialized, skipping
Refreshing native plugins compatible for Editor in 0.50 ms, found 3 plugins.
Preloading 0 native plugins for Editor in 0.00 ms.
Unloading 2185 Unused Serialized files (Serialized files now loaded: 0)
System memory in use before: 99.5 MB.
System memory in use after: 99.6 MB.

Unloading 17 unused Assets to reduce memory usage. Loaded Objects now: 2709.
Total: 3.055300 ms (FindLiveObjects: 0.271000 ms CreateObjectMapping: 0.099700 ms MarkObjects: 2.667500 ms  DeleteObjects: 0.016300 ms)

AssetImportParameters requested are different than current active one (requested -> active):
  custom:framework-win-MediaFoundation: 216162199b28c13a410421893ffa2e32 -> 
  custom:video-decoder-ogg-theora: a1e56fd34408186e4bbccfd4996cb3dc -> 
  custom:container-muxer-webm: aa71ff27fc2769a1b78a27578f13a17b -> 
  custom:container-demuxer-webm: 4f35f7cbe854078d1ac9338744f61a02 -> 
  custom:container-demuxer-ogg: 62fdf1f143b41e24485cea50d1cbac27 -> 
  custom:video-encoder-webm-vp8: eb34c28f22e8b96e1ab97ce403110664 -> 
  custom:video-decoder-webm-vp8: 9c59270c3fd7afecdb556c50c9e8de78 -> 
  custom:audio-decoder-ogg-vorbis: bf7c407c2cedff20999df2af8eb42d56 -> 
  custom:audio-encoder-webm-vorbis: bf7c407c2cedff20999df2af8eb42d56 -> 
========================================================================
Received Import Request.
  Time since last request: 906.377532 seconds.
  path: Assets/Script/LearnCondition.cs
  artifactKey: Guid(b0f4d2522d1ac2b469b748bf96db158e) Importer(815301076,1909f56bfc062723c751e8b465ee728b)
Start importing Assets/Script/LearnCondition.cs using Guid(b0f4d2522d1ac2b469b748bf96db158e) Importer(815301076,1909f56bfc062723c751e8b465ee728b)  -> (artifact id: 'e3e513204c0329d095362f64c973d624') in 0.009911 seconds 
  Import took 0.014624 seconds .

========================================================================
Received Prepare
Registering precompiled user dll's ...
Registered in 0.006219 seconds.
Begin MonoManager ReloadAssembly
Native extension for WindowsStandalone target not found
Native extension for WebGL target not found
Refreshing native plugins compatible for Editor in 0.69 ms, found 3 plugins.
Preloading 0 native plugins for Editor in 0.00 ms.
Mono: successfully reloaded assembly
- Completed reload, in  1.174 seconds
Domain Reload Profiling:
	ReloadAssembly (1175ms)
		BeginReloadAssembly (124ms)
			ExecutionOrderSort (0ms)
			DisableScriptedObjects (7ms)
			BackupInstance (0ms)
			ReleaseScriptingObjects (0ms)
			CreateAndSetChildDomain (41ms)
		EndReloadAssembly (963ms)
			LoadAssemblies (118ms)
			RebuildTransferFunctionScriptingTraits (0ms)
			SetupTypeCache (335ms)
			ReleaseScriptCaches (1ms)
			RebuildScriptCaches (49ms)
			SetupLoadedEditorAssemblies (337ms)
				LogAssemblyErrors (0ms)
				InitializePlatformSupportModulesInManaged (6ms)
				SetLoadedEditorAssemblies (1ms)
				RefreshPlugins (1ms)
				BeforeProcessingInitializeOnLoad (94ms)
				ProcessInitializeOnLoadAttributes (216ms)
				ProcessInitializeOnLoadMethodAttributes (13ms)
				AfterProcessingInitializeOnLoad (6ms)
				EditorAssembliesLoaded (0ms)
			ExecutionOrderSort2 (0ms)
			AwakeInstancesAfterBackupRestoration (10ms)
Platform modules already initialized, skipping
Refreshing native plugins compatible for Editor in 0.68 ms, found 3 plugins.
Preloading 0 native plugins for Editor in 0.00 ms.
Unloading 2185 Unused Serialized files (Serialized files now loaded: 0)
System memory in use before: 99.5 MB.
System memory in use after: 99.6 MB.

Unloading 17 unused Assets to reduce memory usage. Loaded Objects now: 2711.
Total: 3.460300 ms (FindLiveObjects: 0.337300 ms CreateObjectMapping: 0.105100 ms MarkObjects: 2.997700 ms  DeleteObjects: 0.019200 ms)

AssetImportParameters requested are different than current active one (requested -> active):
  custom:framework-win-MediaFoundation: 216162199b28c13a410421893ffa2e32 -> 
  custom:video-decoder-ogg-theora: a1e56fd34408186e4bbccfd4996cb3dc -> 
  custom:container-muxer-webm: aa71ff27fc2769a1b78a27578f13a17b -> 
  custom:container-demuxer-webm: 4f35f7cbe854078d1ac9338744f61a02 -> 
  custom:container-demuxer-ogg: 62fdf1f143b41e24485cea50d1cbac27 -> 
  custom:video-encoder-webm-vp8: eb34c28f22e8b96e1ab97ce403110664 -> 
  custom:video-decoder-webm-vp8: 9c59270c3fd7afecdb556c50c9e8de78 -> 
  custom:audio-decoder-ogg-vorbis: bf7c407c2cedff20999df2af8eb42d56 -> 
  custom:audio-encoder-webm-vorbis: bf7c407c2cedff20999df2af8eb42d56 -> 
========================================================================
Received Import Request.
  Time since last request: 4863.154486 seconds.
  path: Assets/Script/NewBehaviourScript.cs
  artifactKey: Guid(3bb8b4b65069b4d4cba2eab9d73a400d) Importer(815301076,1909f56bfc062723c751e8b465ee728b)
Start importing Assets/Script/NewBehaviourScript.cs using Guid(3bb8b4b65069b4d4cba2eab9d73a400d) Importer(815301076,1909f56bfc062723c751e8b465ee728b)  -> (artifact id: 'af836103bbb223e1cb58781465761b5c') in 0.009214 seconds 
  Import took 0.014223 seconds .

========================================================================
Received Prepare
Registering precompiled user dll's ...
Registered in 0.005807 seconds.
Begin MonoManager ReloadAssembly
Native extension for WindowsStandalone target not found
Native extension for WebGL target not found
Refreshing native plugins compatible for Editor in 0.46 ms, found 3 plugins.
Preloading 0 native plugins for Editor in 0.00 ms.
Mono: successfully reloaded assembly
- Completed reload, in  1.061 seconds
Domain Reload Profiling:
	ReloadAssembly (1062ms)
		BeginReloadAssembly (125ms)
			ExecutionOrderSort (0ms)
			DisableScriptedObjects (6ms)
			BackupInstance (0ms)
			ReleaseScriptingObjects (0ms)
			CreateAndSetChildDomain (42ms)
		EndReloadAssembly (861ms)
			LoadAssemblies (99ms)
			RebuildTransferFunctionScriptingTraits (0ms)
			SetupTypeCache (302ms)
			ReleaseScriptCaches (1ms)
			RebuildScriptCaches (45ms)
			SetupLoadedEditorAssemblies (311ms)
				LogAssemblyErrors (0ms)
				InitializePlatformSupportModulesInManaged (5ms)
				SetLoadedEditorAssemblies (0ms)
				RefreshPlugins (1ms)
				BeforeProcessingInitializeOnLoad (86ms)
				ProcessInitializeOnLoadAttributes (202ms)
				ProcessInitializeOnLoadMethodAttributes (11ms)
				AfterProcessingInitializeOnLoad (6ms)
				EditorAssembliesLoaded (0ms)
			ExecutionOrderSort2 (0ms)
			AwakeInstancesAfterBackupRestoration (9ms)
Platform modules already initialized, skipping
Refreshing native plugins compatible for Editor in 0.51 ms, found 3 plugins.
Preloading 0 native plugins for Editor in 0.00 ms.
Unloading 2185 Unused Serialized files (Serialized files now loaded: 0)
System memory in use before: 99.5 MB.
System memory in use after: 99.6 MB.

Unloading 17 unused Assets to reduce memory usage. Loaded Objects now: 2713.
Total: 3.637700 ms (FindLiveObjects: 0.177600 ms CreateObjectMapping: 0.066700 ms MarkObjects: 3.357100 ms  DeleteObjects: 0.035500 ms)

AssetImportParameters requested are different than current active one (requested -> active):
  custom:framework-win-MediaFoundation: 216162199b28c13a410421893ffa2e32 -> 
  custom:video-decoder-ogg-theora: a1e56fd34408186e4bbccfd4996cb3dc -> 
  custom:container-muxer-webm: aa71ff27fc2769a1b78a27578f13a17b -> 
  custom:container-demuxer-webm: 4f35f7cbe854078d1ac9338744f61a02 -> 
  custom:container-demuxer-ogg: 62fdf1f143b41e24485cea50d1cbac27 -> 
  custom:video-encoder-webm-vp8: eb34c28f22e8b96e1ab97ce403110664 -> 
  custom:video-decoder-webm-vp8: 9c59270c3fd7afecdb556c50c9e8de78 -> 
  custom:audio-decoder-ogg-vorbis: bf7c407c2cedff20999df2af8eb42d56 -> 
  custom:audio-encoder-webm-vorbis: bf7c407c2cedff20999df2af8eb42d56 -> 
========================================================================
Received Import Request.
  Time since last request: 34.852316 seconds.
  path: Assets/Script/LearnArray.cs
  artifactKey: Guid(5f178fe2334a2a0419b8739b0364247b) Importer(815301076,1909f56bfc062723c751e8b465ee728b)
Start importing Assets/Script/LearnArray.cs using Guid(5f178fe2334a2a0419b8739b0364247b) Importer(815301076,1909f56bfc062723c751e8b465ee728b)  -> (artifact id: '479d8e89593ecc8eb4e70e0cf49d390c') in 0.012597 seconds 
  Import took 0.017813 seconds .

========================================================================
Received Prepare
Registering precompiled user dll's ...
Registered in 0.006285 seconds.
Begin MonoManager ReloadAssembly
Native extension for WindowsStandalone target not found
Native extension for WebGL target not found
Refreshing native plugins compatible for Editor in 0.72 ms, found 3 plugins.
Preloading 0 native plugins for Editor in 0.00 ms.
Mono: successfully reloaded assembly
- Completed reload, in  1.131 seconds
Domain Reload Profiling:
	ReloadAssembly (1132ms)
		BeginReloadAssembly (161ms)
			ExecutionOrderSort (0ms)
			DisableScriptedObjects (5ms)
			BackupInstance (0ms)
			ReleaseScriptingObjects (0ms)
			CreateAndSetChildDomain (54ms)
		EndReloadAssembly (894ms)
			LoadAssemblies (114ms)
			RebuildTransferFunctionScriptingTraits (0ms)
			SetupTypeCache (334ms)
			ReleaseScriptCaches (1ms)
			RebuildScriptCaches (55ms)
			SetupLoadedEditorAssemblies (293ms)
				LogAssemblyErrors (0ms)
				InitializePlatformSupportModulesInManaged (6ms)
				SetLoadedEditorAssemblies (1ms)
				RefreshPlugins (1ms)
				BeforeProcessingInitializeOnLoad (81ms)
				ProcessInitializeOnLoadAttributes (188ms)
				ProcessInitializeOnLoadMethodAttributes (11ms)
				AfterProcessingInitializeOnLoad (6ms)
				EditorAssembliesLoaded (0ms)
			ExecutionOrderSort2 (0ms)
			AwakeInstancesAfterBackupRestoration (10ms)
Platform modules already initialized, skipping
Refreshing native plugins compatible for Editor in 0.52 ms, found 3 plugins.
Preloading 0 native plugins for Editor in 0.00 ms.
Unloading 2186 Unused Serialized files (Serialized files now loaded: 0)
System memory in use before: 99.6 MB.
System memory in use after: 99.7 MB.

Unloading 17 unused Assets to reduce memory usage. Loaded Objects now: 2716.
Total: 3.067600 ms (FindLiveObjects: 0.225900 ms CreateObjectMapping: 0.069800 ms MarkObjects: 2.756000 ms  DeleteObjects: 0.015100 ms)

AssetImportParameters requested are different than current active one (requested -> active):
  custom:framework-win-MediaFoundation: 216162199b28c13a410421893ffa2e32 -> 
  custom:video-decoder-ogg-theora: a1e56fd34408186e4bbccfd4996cb3dc -> 
  custom:container-muxer-webm: aa71ff27fc2769a1b78a27578f13a17b -> 
  custom:container-demuxer-webm: 4f35f7cbe854078d1ac9338744f61a02 -> 
  custom:container-demuxer-ogg: 62fdf1f143b41e24485cea50d1cbac27 -> 
  custom:video-encoder-webm-vp8: eb34c28f22e8b96e1ab97ce403110664 -> 
  custom:video-decoder-webm-vp8: 9c59270c3fd7afecdb556c50c9e8de78 -> 
  custom:audio-decoder-ogg-vorbis: bf7c407c2cedff20999df2af8eb42d56 -> 
  custom:audio-encoder-webm-vorbis: bf7c407c2cedff20999df2af8eb42d56 -> 
========================================================================
Received Import Request.
  Time since last request: 1378.063926 seconds.
  path: Assets/Script/LearnArray.cs
  artifactKey: Guid(5f178fe2334a2a0419b8739b0364247b) Importer(815301076,1909f56bfc062723c751e8b465ee728b)
Start importing Assets/Script/LearnArray.cs using Guid(5f178fe2334a2a0419b8739b0364247b) Importer(815301076,1909f56bfc062723c751e8b465ee728b)  -> (artifact id: 'bf80893a9c7d8962aec95831177b72d3') in 0.007984 seconds 
  Import took 0.012680 seconds .

========================================================================
Received Import Request.
  Time since last request: 1053.080763 seconds.
  path: Assets/Script/LearnArray.cs
  artifactKey: Guid(5f178fe2334a2a0419b8739b0364247b) Importer(815301076,1909f56bfc062723c751e8b465ee728b)
Start importing Assets/Script/LearnArray.cs using Guid(5f178fe2334a2a0419b8739b0364247b) Importer(815301076,1909f56bfc062723c751e8b465ee728b)  -> (artifact id: '81457bbdc9af56373d0faecead5b677d') in 0.003904 seconds 
  Import took 0.009828 seconds .

========================================================================
Received Prepare
Registering precompiled user dll's ...
Registered in 0.005325 seconds.
Begin MonoManager ReloadAssembly
Native extension for WindowsStandalone target not found
Native extension for WebGL target not found
Refreshing native plugins compatible for Editor in 0.55 ms, found 3 plugins.
Preloading 0 native plugins for Editor in 0.00 ms.
Mono: successfully reloaded assembly
- Completed reload, in  1.036 seconds
Domain Reload Profiling:
	ReloadAssembly (1036ms)
		BeginReloadAssembly (127ms)
			ExecutionOrderSort (0ms)
			DisableScriptedObjects (9ms)
			BackupInstance (0ms)
			ReleaseScriptingObjects (0ms)
			CreateAndSetChildDomain (37ms)
		EndReloadAssembly (847ms)
			LoadAssemblies (102ms)
			RebuildTransferFunctionScriptingTraits (0ms)
			SetupTypeCache (297ms)
			ReleaseScriptCaches (1ms)
			RebuildScriptCaches (41ms)
			SetupLoadedEditorAssemblies (303ms)
				LogAssemblyErrors (0ms)
				InitializePlatformSupportModulesInManaged (6ms)
				SetLoadedEditorAssemblies (1ms)
				RefreshPlugins (1ms)
				BeforeProcessingInitializeOnLoad (92ms)
				ProcessInitializeOnLoadAttributes (189ms)
				ProcessInitializeOnLoadMethodAttributes (10ms)
				AfterProcessingInitializeOnLoad (6ms)
				EditorAssembliesLoaded (0ms)
			ExecutionOrderSort2 (0ms)
			AwakeInstancesAfterBackupRestoration (8ms)
Platform modules already initialized, skipping
Refreshing native plugins compatible for Editor in 0.62 ms, found 3 plugins.
Preloading 0 native plugins for Editor in 0.00 ms.
Unloading 2186 Unused Serialized files (Serialized files now loaded: 0)
System memory in use before: 99.6 MB.
System memory in use after: 99.8 MB.

Unloading 17 unused Assets to reduce memory usage. Loaded Objects now: 2718.
Total: 2.850800 ms (FindLiveObjects: 0.200100 ms CreateObjectMapping: 0.093100 ms MarkObjects: 2.541000 ms  DeleteObjects: 0.015700 ms)

AssetImportParameters requested are different than current active one (requested -> active):
  custom:framework-win-MediaFoundation: 216162199b28c13a410421893ffa2e32 -> 
  custom:video-decoder-ogg-theora: a1e56fd34408186e4bbccfd4996cb3dc -> 
  custom:container-muxer-webm: aa71ff27fc2769a1b78a27578f13a17b -> 
  custom:container-demuxer-webm: 4f35f7cbe854078d1ac9338744f61a02 -> 
  custom:container-demuxer-ogg: 62fdf1f143b41e24485cea50d1cbac27 -> 
  custom:video-encoder-webm-vp8: eb34c28f22e8b96e1ab97ce403110664 -> 
  custom:video-decoder-webm-vp8: 9c59270c3fd7afecdb556c50c9e8de78 -> 
  custom:audio-decoder-ogg-vorbis: bf7c407c2cedff20999df2af8eb42d56 -> 
  custom:audio-encoder-webm-vorbis: bf7c407c2cedff20999df2af8eb42d56 -> 
========================================================================
Received Import Request.
  Time since last request: 27.690264 seconds.
  path: Assets/Script/LearnLoop.cs
  artifactKey: Guid(4d895107b9da47242915b0c9af062e0b) Importer(815301076,1909f56bfc062723c751e8b465ee728b)
Start importing Assets/Script/LearnLoop.cs using Guid(4d895107b9da47242915b0c9af062e0b) Importer(815301076,1909f56bfc062723c751e8b465ee728b)  -> (artifact id: 'eecfcbed62957ae93a66ee1c838b5dba') in 0.009849 seconds 
  Import took 0.014330 seconds .

========================================================================
Received Prepare
Registering precompiled user dll's ...
Registered in 0.005278 seconds.
Begin MonoManager ReloadAssembly
Native extension for WindowsStandalone target not found
Native extension for WebGL target not found
Refreshing native plugins compatible for Editor in 0.46 ms, found 3 plugins.
Preloading 0 native plugins for Editor in 0.00 ms.
Mono: successfully reloaded assembly
- Completed reload, in  1.088 seconds
Domain Reload Profiling:
	ReloadAssembly (1088ms)
		BeginReloadAssembly (122ms)
			ExecutionOrderSort (0ms)
			DisableScriptedObjects (7ms)
			BackupInstance (0ms)
			ReleaseScriptingObjects (0ms)
			CreateAndSetChildDomain (37ms)
		EndReloadAssembly (896ms)
			LoadAssemblies (112ms)
			RebuildTransferFunctionScriptingTraits (0ms)
			SetupTypeCache (321ms)
			ReleaseScriptCaches (1ms)
			RebuildScriptCaches (44ms)
			SetupLoadedEditorAssemblies (317ms)
				LogAssemblyErrors (0ms)
				InitializePlatformSupportModulesInManaged (6ms)
				SetLoadedEditorAssemblies (0ms)
				RefreshPlugins (1ms)
				BeforeProcessingInitializeOnLoad (98ms)
				ProcessInitializeOnLoadAttributes (196ms)
				ProcessInitializeOnLoadMethodAttributes (11ms)
				AfterProcessingInitializeOnLoad (6ms)
				EditorAssembliesLoaded (0ms)
			ExecutionOrderSort2 (0ms)
			AwakeInstancesAfterBackupRestoration (10ms)
Platform modules already initialized, skipping
Refreshing native plugins compatible for Editor in 0.60 ms, found 3 plugins.
Preloading 0 native plugins for Editor in 0.00 ms.
Unloading 2187 Unused Serialized files (Serialized files now loaded: 0)
System memory in use before: 99.6 MB.
System memory in use after: 99.9 MB.

Unloading 17 unused Assets to reduce memory usage. Loaded Objects now: 2721.
Total: 4.015600 ms (FindLiveObjects: 0.265600 ms CreateObjectMapping: 0.151900 ms MarkObjects: 3.574800 ms  DeleteObjects: 0.021900 ms)

AssetImportParameters requested are different than current active one (requested -> active):
  custom:framework-win-MediaFoundation: 216162199b28c13a410421893ffa2e32 -> 
  custom:video-decoder-ogg-theora: a1e56fd34408186e4bbccfd4996cb3dc -> 
  custom:container-muxer-webm: aa71ff27fc2769a1b78a27578f13a17b -> 
  custom:container-demuxer-webm: 4f35f7cbe854078d1ac9338744f61a02 -> 
  custom:container-demuxer-ogg: 62fdf1f143b41e24485cea50d1cbac27 -> 
  custom:video-encoder-webm-vp8: eb34c28f22e8b96e1ab97ce403110664 -> 
  custom:video-decoder-webm-vp8: 9c59270c3fd7afecdb556c50c9e8de78 -> 
  custom:audio-decoder-ogg-vorbis: bf7c407c2cedff20999df2af8eb42d56 -> 
  custom:audio-encoder-webm-vorbis: bf7c407c2cedff20999df2af8eb42d56 -> 
========================================================================
Received Import Request.
  Time since last request: 918.603024 seconds.
  path: Assets/Script/LearnLoop.cs
  artifactKey: Guid(4d895107b9da47242915b0c9af062e0b) Importer(815301076,1909f56bfc062723c751e8b465ee728b)
Start importing Assets/Script/LearnLoop.cs using Guid(4d895107b9da47242915b0c9af062e0b) Importer(815301076,1909f56bfc062723c751e8b465ee728b)  -> (artifact id: 'e5a3f8df85237dfce01221ff5fd776d6') in 0.008441 seconds 
  Import took 0.013836 seconds .

========================================================================
Received Prepare
Registering precompiled user dll's ...
Registered in 0.005205 seconds.
Begin MonoManager ReloadAssembly
Native extension for WindowsStandalone target not found
Native extension for WebGL target not found
Refreshing native plugins compatible for Editor in 0.70 ms, found 3 plugins.
Preloading 0 native plugins for Editor in 0.00 ms.
Mono: successfully reloaded assembly
- Completed reload, in  1.073 seconds
Domain Reload Profiling:
	ReloadAssembly (1073ms)
		BeginReloadAssembly (137ms)
			ExecutionOrderSort (0ms)
			DisableScriptedObjects (6ms)
			BackupInstance (0ms)
			ReleaseScriptingObjects (0ms)
			CreateAndSetChildDomain (42ms)
		EndReloadAssembly (871ms)
			LoadAssemblies (105ms)
			RebuildTransferFunctionScriptingTraits (0ms)
			SetupTypeCache (302ms)
			ReleaseScriptCaches (1ms)
			RebuildScriptCaches (42ms)
			SetupLoadedEditorAssemblies (316ms)
				LogAssemblyErrors (0ms)
				InitializePlatformSupportModulesInManaged (6ms)
				SetLoadedEditorAssemblies (0ms)
				RefreshPlugins (1ms)
				BeforeProcessingInitializeOnLoad (83ms)
				ProcessInitializeOnLoadAttributes (207ms)
				ProcessInitializeOnLoadMethodAttributes (12ms)
				AfterProcessingInitializeOnLoad (7ms)
				EditorAssembliesLoaded (0ms)
			ExecutionOrderSort2 (0ms)
			AwakeInstancesAfterBackupRestoration (10ms)
Platform modules already initialized, skipping
Refreshing native plugins compatible for Editor in 0.48 ms, found 3 plugins.
Preloading 0 native plugins for Editor in 0.00 ms.
Unloading 2187 Unused Serialized files (Serialized files now loaded: 0)
System memory in use before: 99.6 MB.
System memory in use after: 99.9 MB.

Unloading 17 unused Assets to reduce memory usage. Loaded Objects now: 2723.
Total: 3.233700 ms (FindLiveObjects: 0.186000 ms CreateObjectMapping: 0.084900 ms MarkObjects: 2.946800 ms  DeleteObjects: 0.015100 ms)

AssetImportParameters requested are different than current active one (requested -> active):
  custom:framework-win-MediaFoundation: 216162199b28c13a410421893ffa2e32 -> 
  custom:video-decoder-ogg-theora: a1e56fd34408186e4bbccfd4996cb3dc -> 
  custom:container-muxer-webm: aa71ff27fc2769a1b78a27578f13a17b -> 
  custom:container-demuxer-webm: 4f35f7cbe854078d1ac9338744f61a02 -> 
  custom:container-demuxer-ogg: 62fdf1f143b41e24485cea50d1cbac27 -> 
  custom:video-encoder-webm-vp8: eb34c28f22e8b96e1ab97ce403110664 -> 
  custom:video-decoder-webm-vp8: 9c59270c3fd7afecdb556c50c9e8de78 -> 
  custom:audio-decoder-ogg-vorbis: bf7c407c2cedff20999df2af8eb42d56 -> 
  custom:audio-encoder-webm-vorbis: bf7c407c2cedff20999df2af8eb42d56 -> 
========================================================================
Received Import Request.
  Time since last request: 1613.662738 seconds.
  path: Assets/Script/LearnLoop.cs
  artifactKey: Guid(4d895107b9da47242915b0c9af062e0b) Importer(815301076,1909f56bfc062723c751e8b465ee728b)
Start importing Assets/Script/LearnLoop.cs using Guid(4d895107b9da47242915b0c9af062e0b) Importer(815301076,1909f56bfc062723c751e8b465ee728b)  -> (artifact id: '8e12a86753a279930bbca05e27316383') in 0.009226 seconds 
  Import took 0.014810 seconds .

========================================================================
Received Prepare
Registering precompiled user dll's ...
Registered in 0.005430 seconds.
Begin MonoManager ReloadAssembly
Native extension for WindowsStandalone target not found
Native extension for WebGL target not found
Refreshing native plugins compatible for Editor in 0.47 ms, found 3 plugins.
Preloading 0 native plugins for Editor in 0.00 ms.
Mono: successfully reloaded assembly
- Completed reload, in  1.101 seconds
Domain Reload Profiling:
	ReloadAssembly (1101ms)
		BeginReloadAssembly (130ms)
			ExecutionOrderSort (0ms)
			DisableScriptedObjects (6ms)
			BackupInstance (0ms)
			ReleaseScriptingObjects (0ms)
			CreateAndSetChildDomain (40ms)
		EndReloadAssembly (895ms)
			LoadAssemblies (112ms)
			RebuildTransferFunctionScriptingTraits (0ms)
			SetupTypeCache (326ms)
			ReleaseScriptCaches (1ms)
			RebuildScriptCaches (44ms)
			SetupLoadedEditorAssemblies (312ms)
				LogAssemblyErrors (0ms)
				InitializePlatformSupportModulesInManaged (8ms)
				SetLoadedEditorAssemblies (0ms)
				RefreshPlugins (1ms)
				BeforeProcessingInitializeOnLoad (85ms)
				ProcessInitializeOnLoadAttributes (200ms)
				ProcessInitializeOnLoadMethodAttributes (11ms)
				AfterProcessingInitializeOnLoad (7ms)
				EditorAssembliesLoaded (0ms)
			ExecutionOrderSort2 (0ms)
			AwakeInstancesAfterBackupRestoration (9ms)
Platform modules already initialized, skipping
Refreshing native plugins compatible for Editor in 0.65 ms, found 3 plugins.
Preloading 0 native plugins for Editor in 0.00 ms.
Unloading 2187 Unused Serialized files (Serialized files now loaded: 0)
System memory in use before: 99.7 MB.
System memory in use after: 99.9 MB.

Unloading 17 unused Assets to reduce memory usage. Loaded Objects now: 2725.
Total: 3.307600 ms (FindLiveObjects: 0.184600 ms CreateObjectMapping: 0.081200 ms MarkObjects: 3.024500 ms  DeleteObjects: 0.016300 ms)

AssetImportParameters requested are different than current active one (requested -> active):
  custom:framework-win-MediaFoundation: 216162199b28c13a410421893ffa2e32 -> 
  custom:video-decoder-ogg-theora: a1e56fd34408186e4bbccfd4996cb3dc -> 
  custom:container-muxer-webm: aa71ff27fc2769a1b78a27578f13a17b -> 
  custom:container-demuxer-webm: 4f35f7cbe854078d1ac9338744f61a02 -> 
  custom:container-demuxer-ogg: 62fdf1f143b41e24485cea50d1cbac27 -> 
  custom:video-encoder-webm-vp8: eb34c28f22e8b96e1ab97ce403110664 -> 
  custom:video-decoder-webm-vp8: 9c59270c3fd7afecdb556c50c9e8de78 -> 
  custom:audio-decoder-ogg-vorbis: bf7c407c2cedff20999df2af8eb42d56 -> 
  custom:audio-encoder-webm-vorbis: bf7c407c2cedff20999df2af8eb42d56 -> 
========================================================================
Received Import Request.
  Time since last request: 2042.981046 seconds.
  path: Assets/Scenes/SampleScene.unity
  artifactKey: Guid(2cda990e2423bbf4892e6590ba056729) Importer(815301076,1909f56bfc062723c751e8b465ee728b)
Start importing Assets/Scenes/SampleScene.unity using Guid(2cda990e2423bbf4892e6590ba056729) Importer(815301076,1909f56bfc062723c751e8b465ee728b)  -> (artifact id: 'aa27944bdea339c97c39027c7eea529c') in 0.024769 seconds 
  Import took 0.031076 seconds .

========================================================================
Received Import Request.
  Time since last request: 2845.348798 seconds.
  path: Packages/com.unity.test-framework
  artifactKey: Guid(6023f2b823fc19b4e4a90875281ff117) Importer(815301076,1909f56bfc062723c751e8b465ee728b)
Start importing Packages/com.unity.test-framework using Guid(6023f2b823fc19b4e4a90875281ff117) Importer(815301076,1909f56bfc062723c751e8b465ee728b)  -> (artifact id: '7b3fecfc8d873fe96244889d860a7252') in 0.003598 seconds 
  Import took 0.009094 seconds .

AssetImportWorkerClient::OnTransportError - code=2 error=End of file
